Mono path[0] = 'C:/Users/polca/Desktop/MarcoPolo/Builds/Smoke/MarcoPoloSmoke/MarcoPoloSmoke_Data/Managed'
Mono config path = 'C:/Users/polca/Desktop/MarcoPolo/Builds/Smoke/MarcoPoloSmoke/MonoBleedingEdge/etc'
Found 5 interfaces on host : 0) 192.168.56.1 1) 26.234.30.190 2) 172.27.144.1 3) 172.29.48.1 4) 192.168.100.61
Player connection [27828]  Target information:

Player connection [27828]  * "[IP] 192.168.56.1 [Port] 55016 [Flags] 2 [Guid] 216716226 [EditorId] 2532380102 [Version] 1048832 [Id] WindowsPlayer(2,Peke) [Debug] 0 [PackageName] WindowsPlayer [ProjectName] MarcoPolo" 

Player connection [27828]  * "[IP] 26.234.30.190 [Port] 55016 [Flags] 2 [Guid] 216716226 [EditorId] 2532380102 [Version] 1048832 [Id] WindowsPlayer(2,Peke) [Debug] 0 [PackageName] WindowsPlayer [ProjectName] MarcoPolo" 

Player connection [27828]  * "[IP] 172.27.144.1 [Port] 55016 [Flags] 2 [Guid] 216716226 [EditorId] 2532380102 [Version] 1048832 [Id] WindowsPlayer(2,Peke) [Debug] 0 [PackageName] WindowsPlayer [ProjectName] MarcoPolo" 

Player connection [27828]  * "[IP] 172.29.48.1 [Port] 55016 [Flags] 2 [Guid] 216716226 [EditorId] 2532380102 [Version] 1048832 [Id] WindowsPlayer(2,Peke) [Debug] 0 [PackageName] WindowsPlayer [ProjectName] MarcoPolo" 

Player connection [27828]  * "[IP] 192.168.100.61 [Port] 55016 [Flags] 2 [Guid] 216716226 [EditorId] 2532380102 [Version] 1048832 [Id] WindowsPlayer(2,Peke) [Debug] 0 [PackageName] WindowsPlayer [ProjectName] MarcoPolo" 

Player connection [27828] Started UDP target info broadcast (1) on [225.0.0.222:54997].

Input System module state changed to: Initialized.
[PhysX] Initialized MultithreadedTaskDispatcher with 16 workers.
Initialize engine version: 2022.3.62f1 (4af31df58517)
[Subsystems] Discovering subsystems at path C:/Users/polca/Desktop/MarcoPolo/Builds/Smoke/MarcoPoloSmoke/MarcoPoloSmoke_Data/UnitySubsystems
GfxDevice: creating device client; threaded=1; jobified=1
Direct3D:
    Version:  Direct3D 11.0 [level 11.1]
    Renderer: NVIDIA GeForce RTX 4060 Laptop GPU (ID=0x28a0)
    Vendor:   NVIDIA
    VRAM:     7956 MB
    Driver:   32.0.15.9571
Begin MonoManager ReloadAssembly
- Loaded All Assemblies, in  8.961 seconds
- Finished resetting the current domain, in  0.006 seconds
<RI> Initializing input.
Using Windows.Gaming.Input
<RI> Input initialized.
<RI> Initialized touch support.
[PhysX] Initialized MultithreadedTaskDispatcher with 16 workers.
UnloadTime: 10.255900 ms
[Session] No NetworkManager found in first loaded scene. Created runtime fallback NetworkManager.
UnityEngine.StackTraceUtility:ExtractStackTrace () (at C:/build/output/unity/unity/Runtime/Export/Scripting/StackTrace.cs:37)
UnityEngine.DebugLogHandler:LogFormat (UnityEngine.LogType,UnityEngine.Object,string,object[])
UnityEngine.Logger:Log (UnityEngine.LogType,object)
UnityEngine.Debug:LogWarning (object)
FrentePartido.Networking.NetworkSessionManager:EnsureInstance () (at C:/Users/polca/Desktop/MarcoPolo/Assets/Scripts/Networking/NetworkSessionManager.cs:50)

(Filename: C:/Users/polca/Desktop/MarcoPolo/Assets/Scripts/Networking/NetworkSessionManager.cs Line: 50)

[LanSmoke] role=client listening=False connected=0 spawned=0
UnityEngine.StackTraceUtility:ExtractStackTrace () (at C:/build/output/unity/unity/Runtime/Export/Scripting/StackTrace.cs:37)
UnityEngine.DebugLogHandler:LogFormat (UnityEngine.LogType,UnityEngine.Object,string,object[])
UnityEngine.Logger:Log (UnityEngine.LogType,object)
UnityEngine.Debug:Log (object)
FrentePartido.Networking.LanSmokeBootstrap/Runner:Update () (at C:/Users/polca/Desktop/MarcoPolo/Assets/Scripts/Networking/LanSmokeBootstrap.cs:102)

(Filename: C:/Users/polca/Desktop/MarcoPolo/Assets/Scripts/Networking/LanSmokeBootstrap.cs Line: 102)

[LanSmoke] Registered player prefab.
UnityEngine.StackTraceUtility:ExtractStackTrace () (at C:/build/output/unity/unity/Runtime/Export/Scripting/StackTrace.cs:37)
UnityEngine.DebugLogHandler:LogFormat (UnityEngine.LogType,UnityEngine.Object,string,object[])
UnityEngine.Logger:Log (UnityEngine.LogType,object)
UnityEngine.Debug:Log (object)
FrentePartido.Networking.LanSmokeBootstrap/Runner:RegisterPlayerPrefab (Unity.Netcode.NetworkManager) (at C:/Users/polca/Desktop/MarcoPolo/Assets/Scripts/Networking/LanSmokeBootstrap.cs:208)
FrentePartido.Networking.LanSmokeBootstrap/Runner/<Start>d__2:MoveNext () (at C:/Users/polca/Desktop/MarcoPolo/Assets/Scripts/Networking/LanSmokeBootstrap.cs:70)
UnityEngine.SetupCoroutine:InvokeMoveNext (System.Collections.IEnumerator,intptr) (at C:/build/output/unity/unity/Runtime/Export/Scripting/Coroutines.cs:17)

(Filename: C:/Users/polca/Desktop/MarcoPolo/Assets/Scripts/Networking/LanSmokeBootstrap.cs Line: 208)

[GameState] Spawned. IsServer: True, MatchState: WaitingForPlayers
UnityEngine.StackTraceUtility:ExtractStackTrace () (at C:/build/output/unity/unity/Runtime/Export/Scripting/StackTrace.cs:37)
UnityEngine.DebugLogHandler:LogFormat (UnityEngine.LogType,UnityEngine.Object,string,object[])
UnityEngine.Logger:Log (UnityEngine.LogType,object)
UnityEngine.Debug:Log (object)
FrentePartido.Networking.NetworkGameState:OnNetworkSpawn () (at C:/Users/polca/Desktop/MarcoPolo/Assets/Scripts/Networking/NetworkGameState.cs:109)
Unity.Netcode.NetworkBehaviour:VisibleOnNetworkSpawn () (at ./Library/PackageCache/com.unity.netcode.gameobjects@1.11.0/Runtime/Core/NetworkBehaviour.cs:693)
Unity.Netcode.NetworkObject:InvokeBehaviourNetworkSpawn () (at ./Library/PackageCache/com.unity.netcode.gameobjects@1.11.0/Runtime/Core/NetworkObject.cs:1395)
Unity.Netcode.NetworkSpawnManager:SpawnNetworkObjectLocallyCommon (Unity.Netcode.NetworkObject,ulong,bool,bool,ulong,bool) (at ./Library/PackageCache/com.unity.netcode.gameobjects@1.11.0/Runtime/Spawning/NetworkSpawnManager.cs:752)
Unity.Netcode.NetworkSpawnManager:SpawnNetworkObjectLocally (Unity.Netcode.NetworkObject,ulong,bool,bool,ulong,bool) (at ./Library/PackageCache/com.unity.netcode.gameobjects@1.11.0/Runtime/Spawning/NetworkSpawnManager.cs:643)
Unity.Netcode.NetworkSpawnManager:ServerSpawnSceneObjectsOnStartSweep () (at ./Library/PackageCache/com.unity.netcode.gameobjects@1.11.0/Runtime/Spawning/NetworkSpawnManager.cs:979)
Unity.Netcode.NetworkManager:HostServerInitialize () (at ./Library/PackageCache/com.unity.netcode.gameobjects@1.11.0/Runtime/Core/NetworkManager.cs:1117)
Unity.Netcode.NetworkManager:StartHost () (at ./Library/PackageCache/com.unity.netcode.gameobjects@1.11.0/Runtime/Core/NetworkManager.cs:1069)
FrentePartido.Networking.LanSmokeBootstrap/Runner/<Start>d__2:MoveNext () (at C:/Users/polca/Desktop/MarcoPolo/Assets/Scripts/Networking/LanSmokeBootstrap.cs:72)
UnityEngine.SetupCoroutine:InvokeMoveNext (System.Collections.IEnumerator,intptr) (at C:/build/output/unity/unity/Runtime/Export/Scripting/Coroutines.cs:17)

(Filename: C:/Users/polca/Desktop/MarcoPolo/Assets/Scripts/Networking/NetworkGameState.cs Line: 109)

[Spawn] PlayerSpawnManager ready (server).
UnityEngine.StackTraceUtility:ExtractStackTrace () (at C:/build/output/unity/unity/Runtime/Export/Scripting/StackTrace.cs:37)
UnityEngine.DebugLogHandler:LogFormat (UnityEngine.LogType,UnityEngine.Object,string,object[])
UnityEngine.Logger:Log (UnityEngine.LogType,object)
UnityEngine.Debug:Log (object)
FrentePartido.Networking.PlayerSpawnManager:OnNetworkSpawn () (at C:/Users/polca/Desktop/MarcoPolo/Assets/Scripts/Networking/PlayerSpawnManager.cs:50)
Unity.Netcode.NetworkBehaviour:VisibleOnNetworkSpawn () (at ./Library/PackageCache/com.unity.netcode.gameobjects@1.11.0/Runtime/Core/NetworkBehaviour.cs:693)
Unity.Netcode.NetworkObject:InvokeBehaviourNetworkSpawn () (at ./Library/PackageCache/com.unity.netcode.gameobjects@1.11.0/Runtime/Core/NetworkObject.cs:1395)
Unity.Netcode.NetworkSpawnManager:SpawnNetworkObjectLocallyCommon (Unity.Netcode.NetworkObject,ulong,bool,bool,ulong,bool) (at ./Library/PackageCache/com.unity.netcode.gameobjects@1.11.0/Runtime/Spawning/NetworkSpawnManager.cs:752)
Unity.Netcode.NetworkSpawnManager:SpawnNetworkObjectLocally (Unity.Netcode.NetworkObject,ulong,bool,bool,ulong,bool) (at ./Library/PackageCache/com.unity.netcode.gameobjects@1.11.0/Runtime/Spawning/NetworkSpawnManager.cs:643)
Unity.Netcode.NetworkSpawnManager:ServerSpawnSceneObjectsOnStartSweep () (at ./Library/PackageCache/com.unity.netcode.gameobjects@1.11.0/Runtime/Spawning/NetworkSpawnManager.cs:979)
Unity.Netcode.NetworkManager:HostServerInitialize () (at ./Library/PackageCache/com.unity.netcode.gameobjects@1.11.0/Runtime/Core/NetworkManager.cs:1117)
Unity.Netcode.NetworkManager:StartHost () (at ./Library/PackageCache/com.unity.netcode.gameobjects@1.11.0/Runtime/Core/NetworkManager.cs:1069)
FrentePartido.Networking.LanSmokeBootstrap/Runner/<Start>d__2:MoveNext () (at C:/Users/polca/Desktop/MarcoPolo/Assets/Scripts/Networking/LanSmokeBootstrap.cs:72)
UnityEngine.SetupCoroutine:InvokeMoveNext (System.Collections.IEnumerator,intptr) (at C:/build/output/unity/unity/Runtime/Export/Scripting/Coroutines.cs:17)

(Filename: C:/Users/polca/Desktop/MarcoPolo/Assets/Scripts/Networking/PlayerSpawnManager.cs Line: 50)

[Spawn] Spawned player for client 0 at (-7.00, 0.00, 0.00) | Faction: Blue
UnityEngine.StackTraceUtility:ExtractStackTrace () (at C:/build/output/unity/unity/Runtime/Export/Scripting/StackTrace.cs:37)
UnityEngine.DebugLogHandler:LogFormat (UnityEngine.LogType,UnityEngine.Object,string,object[])
UnityEngine.Logger:Log (UnityEngine.LogType,object)
UnityEngine.Debug:Log (object)
FrentePartido.Networking.PlayerSpawnManager:SpawnPlayerForClient (ulong) (at C:/Users/polca/Desktop/MarcoPolo/Assets/Scripts/Networking/PlayerSpawnManager.cs:143)
FrentePartido.Networking.PlayerSpawnManager:HandleClientConnected (ulong) (at C:/Users/polca/Desktop/MarcoPolo/Assets/Scripts/Networking/PlayerSpawnManager.cs:80)
FrentePartido.Networking.PlayerSpawnManager:OnNetworkSpawn () (at C:/Users/polca/Desktop/MarcoPolo/Assets/Scripts/Networking/PlayerSpawnManager.cs:56)
Unity.Netcode.NetworkBehaviour:VisibleOnNetworkSpawn () (at ./Library/PackageCache/com.unity.netcode.gameobjects@1.11.0/Runtime/Core/NetworkBehaviour.cs:693)
Unity.Netcode.NetworkObject:InvokeBehaviourNetworkSpawn () (at ./Library/PackageCache/com.unity.netcode.gameobjects@1.11.0/Runtime/Core/NetworkObject.cs:1395)
Unity.Netcode.NetworkSpawnManager:SpawnNetworkObjectLocallyCommon (Unity.Netcode.NetworkObject,ulong,bool,bool,ulong,bool) (at ./Library/PackageCache/com.unity.netcode.gameobjects@1.11.0/Runtime/Spawning/NetworkSpawnManager.cs:752)
Unity.Netcode.NetworkSpawnManager:SpawnNetworkObjectLocally (Unity.Netcode.NetworkObject,ulong,bool,bool,ulong,bool) (at ./Library/PackageCache/com.unity.netcode.gameobjects@1.11.0/Runtime/Spawning/NetworkSpawnManager.cs:643)
Unity.Netcode.NetworkSpawnManager:ServerSpawnSceneObjectsOnStartSweep () (at ./Library/PackageCache/com.unity.netcode.gameobjects@1.11.0/Runtime/Spawning/NetworkSpawnManager.cs:979)
Unity.Netcode.NetworkManager:HostServerInitialize () (at ./Library/PackageCache/com.unity.netcode.gameobjects@1.11.0/Runtime/Core/NetworkManager.cs:1117)
Unity.Netcode.NetworkManager:StartHost () (at ./Library/PackageCache/com.unity.netcode.gameobjects@1.11.0/Runtime/Core/NetworkManager.cs:1069)
FrentePartido.Networking.LanSmokeBootstrap/Runner/<Start>d__2:MoveNext () (at C:/Users/polca/Desktop/MarcoPolo/Assets/Scripts/Networking/LanSmokeBootstrap.cs:72)
UnityEngine.SetupCoroutine:InvokeMoveNext (System.Collections.IEnumerator,intptr) (at C:/build/output/unity/unity/Runtime/Export/Scripting/Coroutines.cs:17)

(Filename: C:/Users/polca/Desktop/MarcoPolo/Assets/Scripts/Networking/PlayerSpawnManager.cs Line: 143)

[Session] Client connected: 0
UnityEngine.StackTraceUtility:ExtractStackTrace () (at C:/build/output/unity/unity/Runtime/Export/Scripting/StackTrace.cs:37)
UnityEngine.DebugLogHandler:LogFormat (UnityEngine.LogType,UnityEngine.Object,string,object[])
UnityEngine.Logger:Log (UnityEngine.LogType,object)
UnityEngine.Debug:Log (object)
FrentePartido.Networking.NetworkSessionManager:HandleClientConnected (ulong) (at C:/Users/polca/Desktop/MarcoPolo/Assets/Scripts/Networking/NetworkSessionManager.cs:305)
Unity.Netcode.NetworkConnectionManager:InvokeOnClientConnectedCallback (ulong) (at ./Library/PackageCache/com.unity.netcode.gameobjects@1.11.0/Runtime/Connection/NetworkConnectionManager.cs:87)
Unity.Netcode.NetworkManager:HostServerInitialize () (at ./Library/PackageCache/com.unity.netcode.gameobjects@1.11.0/Runtime/Core/NetworkManager.cs:1125)
Unity.Netcode.NetworkManager:StartHost () (at ./Library/PackageCache/com.unity.netcode.gameobjects@1.11.0/Runtime/Core/NetworkManager.cs:1069)
FrentePartido.Networking.LanSmokeBootstrap/Runner/<Start>d__2:MoveNext () (at C:/Users/polca/Desktop/MarcoPolo/Assets/Scripts/Networking/LanSmokeBootstrap.cs:72)
UnityEngine.SetupCoroutine:InvokeMoveNext (System.Collections.IEnumerator,intptr) (at C:/build/output/unity/unity/Runtime/Export/Scripting/Coroutines.cs:17)

(Filename: C:/Users/polca/Desktop/MarcoPolo/Assets/Scripts/Networking/NetworkSessionManager.cs Line: 305)

[LanSmoke] Start host addr=127.0.0.1 port=7788 ok=True
UnityEngine.StackTraceUtility:ExtractStackTrace () (at C:/build/output/unity/unity/Runtime/Export/Scripting/StackTrace.cs:37)
UnityEngine.DebugLogHandler:LogFormat (UnityEngine.LogType,UnityEngine.Object,string,object[])
UnityEngine.Logger:Log (UnityEngine.LogType,object)
UnityEngine.Debug:Log (object)
FrentePartido.Networking.LanSmokeBootstrap/Runner/<Start>d__2:MoveNext () (at C:/Users/polca/Desktop/MarcoPolo/Assets/Scripts/Networking/LanSmokeBootstrap.cs:73)
UnityEngine.SetupCoroutine:InvokeMoveNext (System.Collections.IEnumerator,intptr) (at C:/build/output/unity/unity/Runtime/Export/Scripting/Coroutines.cs:17)

(Filename: C:/Users/polca/Desktop/MarcoPolo/Assets/Scripts/Networking/LanSmokeBootstrap.cs Line: 73)

[LanSmoke] role=host listening=True connected=2 spawned=2
UnityEngine.StackTraceUtility:ExtractStackTrace () (at C:/build/output/unity/unity/Runtime/Export/Scripting/StackTrace.cs:37)
UnityEngine.DebugLogHandler:LogFormat (UnityEngine.LogType,UnityEngine.Object,string,object[])
UnityEngine.Logger:Log (UnityEngine.LogType,object)
UnityEngine.Debug:Log (object)
FrentePartido.Networking.LanSmokeBootstrap/Runner:Update () (at C:/Users/polca/Desktop/MarcoPolo/Assets/Scripts/Networking/LanSmokeBootstrap.cs:102)

(Filename: C:/Users/polca/Desktop/MarcoPolo/Assets/Scripts/Networking/LanSmokeBootstrap.cs Line: 102)

[Session] Client connected: 1
UnityEngine.StackTraceUtility:ExtractStackTrace () (at C:/build/output/unity/unity/Runtime/Export/Scripting/StackTrace.cs:37)
UnityEngine.DebugLogHandler:LogFormat (UnityEngine.LogType,UnityEngine.Object,string,object[])
UnityEngine.Logger:Log (UnityEngine.LogType,object)
UnityEngine.Debug:Log (object)
FrentePartido.Networking.NetworkSessionManager:HandleClientConnected (ulong) (at C:/Users/polca/Desktop/MarcoPolo/Assets/Scripts/Networking/NetworkSessionManager.cs:305)
Unity.Netcode.NetworkConnectionManager:InvokeOnClientConnectedCallback (ulong) (at ./Library/PackageCache/com.unity.netcode.gameobjects@1.11.0/Runtime/Connection/NetworkConnectionManager.cs:87)
Unity.Netcode.NetworkSceneManager:HandleServerSceneEvent (uint,ulong) (at ./Library/PackageCache/com.unity.netcode.gameobjects@1.11.0/Runtime/SceneManagement/NetworkSceneManager.cs:2284)
Unity.Netcode.NetworkSceneManager:HandleSceneEvent (ulong,Unity.Netcode.FastBufferReader) (at ./Library/PackageCache/com.unity.netcode.gameobjects@1.11.0/Runtime/SceneManagement/NetworkSceneManager.cs:2355)
Unity.Netcode.SceneEventMessage:Handle (Unity.Netcode.NetworkContext&) (at ./Library/PackageCache/com.unity.netcode.gameobjects@1.11.0/Runtime/Messaging/Messages/SceneEventMessage.cs:26)
Unity.Netcode.NetworkMessageManager:ReceiveMessage<Unity.Netcode.SceneEventMessage> (Unity.Netcode.FastBufferReader,Unity.Netcode.NetworkContext&,Unity.Netcode.NetworkMessageManager) (at ./Library/PackageCache/com.unity.netcode.gameobjects@1.11.0/Runtime/Messaging/NetworkMessageManager.cs:582)
Unity.Netcode.NetworkMessageManager:HandleMessage (Unity.Netcode.NetworkMessageHeader&,Unity.Netcode.FastBufferReader,ulong,single,int) (at ./Library/PackageCache/com.unity.netcode.gameobjects@1.11.0/Runtime/Messaging/NetworkMessageManager.cs:446)
Unity.Netcode.NetworkMessageManager:ProcessIncomingMessageQueue () (at ./Library/PackageCache/com.unity.netcode.gameobjects@1.11.0/Runtime/Messaging/NetworkMessageManager.cs:472)
Unity.Netcode.NetworkManager:NetworkUpdate (Unity.Netcode.NetworkUpdateStage) (at ./Library/PackageCache/com.unity.netcode.gameobjects@1.11.0/Runtime/Core/NetworkManager.cs:49)
Unity.Netcode.NetworkUpdateLoop:RunNetworkUpdateStage (Unity.Netcode.NetworkUpdateStage) (at ./Library/PackageCache/com.unity.netcode.gameobjects@1.11.0/Runtime/Core/NetworkUpdateLoop.cs:192)
Unity.Netcode.NetworkUpdateLoop/NetworkEarlyUpdate/<>c:<CreateLoopSystem>b__0_0 () (at ./Library/PackageCache/com.unity.netcode.gameobjects@1.11.0/Runtime/Core/NetworkUpdateLoop.cs:215)

(Filename: C:/Users/polca/Desktop/MarcoPolo/Assets/Scripts/Networking/NetworkSessionManager.cs Line: 305)

[Round] Round 1 starting
UnityEngine.StackTraceUtility:ExtractStackTrace () (at C:/build/output/unity/unity/Runtime/Export/Scripting/StackTrace.cs:37)
UnityEngine.DebugLogHandler:LogFormat (UnityEngine.LogType,UnityEngine.Object,string,object[])
UnityEngine.Logger:Log (UnityEngine.LogType,object)
UnityEngine.Debug:Log (object)
FrentePartido.Match.RoundManager:AnnounceRoundClientRpc (byte) (at C:/Users/polca/Desktop/MarcoPolo/Assets/Scripts/Match/RoundManager.cs:201)
FrentePartido.Match.RoundManager:__rpc_handler_3507285572 (Unity.Netcode.NetworkBehaviour,Unity.Netcode.FastBufferReader,Unity.Netcode.__RpcParams)
Unity.Netcode.RpcMessageHelpers:Handle (Unity.Netcode.NetworkContext&,Unity.Netcode.RpcMetadata&,Unity.Netcode.FastBufferReader&,Unity.Netcode.__RpcParams&) (at ./Library/PackageCache/com.unity.netcode.gameobjects@1.11.0/Runtime/Messaging/Messages/RpcMessages.cs:70)
Unity.Netcode.ClientRpcMessage:Handle (Unity.Netcode.NetworkContext&) (at ./Library/PackageCache/com.unity.netcode.gameobjects@1.11.0/Runtime/Messaging/Messages/RpcMessages.cs:159)
Unity.Netcode.NetworkBehaviour:__endSendClientRpc (Unity.Netcode.FastBufferWriter&,uint,Unity.Netcode.ClientRpcParams,Unity.Netcode.RpcDelivery) (at ./Library/PackageCache/com.unity.netcode.gameobjects@1.11.0/Runtime/Core/NetworkBehaviour.cs:253)
FrentePartido.Match.RoundManager:AnnounceRoundClientRpc (byte) (at C:/Users/polca/Desktop/MarcoPolo/Assets/Scripts/Match/RoundManager.cs:200)
FrentePartido.Match.RoundManager/<RoundSequence>d__28:MoveNext () (at C:/Users/polca/Desktop/MarcoPolo/Assets/Scripts/Match/RoundManager.cs:75)
UnityEngine.SetupCoroutine:InvokeMoveNext (System.Collections.IEnumerator,intptr) (at C:/build/output/unity/unity/Runtime/Export/Scripting/Coroutines.cs:17)
UnityEngine.MonoBehaviour:StartCoroutine (System.Collections.IEnumerator) (at C:/build/output/unity/unity/Runtime/Export/Scripting/MonoBehaviour.bindings.cs:114)
FrentePartido.Match.RoundManager:StartRound () (at C:/Users/polca/Desktop/MarcoPolo/Assets/Scripts/Match/RoundManager.cs:64)
FrentePartido.Match.MatchManager:StartMatch () (at C:/Users/polca/Desktop/MarcoPolo/Assets/Scripts/Match/MatchManager.cs:93)
FrentePartido.Match.MatchManager:TryAutoStart () (at C:/Users/polca/Desktop/MarcoPolo/Assets/Scripts/Match/MatchManager.cs:65)
FrentePartido.Match.MatchManager:HandleClientConnectedForStart (ulong) (at C:/Users/polca/Desktop/MarcoPolo/Assets/Scripts/Match/MatchManager.cs:57)
Unity.Netcode.NetworkConnectionManager:InvokeOnClientConnectedCallback (ulong) (at ./Library/PackageCache/com.unity.netcode.gameobjects@1.11.0/Runtime/Connection/NetworkConnectionManager.cs:87)
Unity.Netcode.NetworkSceneManager:HandleServerSceneEvent (uint,ulong) (at ./Library/PackageCache/com.unity.netcode.gameobjects@1.11.0/Runtime/SceneManagement/NetworkSceneManager.cs:2284)
Unity.Netcode.NetworkSceneManager:HandleSceneEvent (ulong,Unity.Netcode.FastBufferReader) (at ./Library/PackageCache/com.unity.netcode.gameobjects@1.11.0/Runtime/SceneManagement/NetworkSceneManager.cs:2355)
Unity.Netcode.SceneEventMessage:Handle (Unity.Netcode.NetworkContext&) (at ./Library/PackageCache/com.unity.netcode.gameobjects@1.11.0/Runtime/Messaging/Messages/SceneEventMessage.cs:26)
Unity.Netcode.NetworkMessageManager:ReceiveMessage<Unity.Netcode.SceneEventMessage> (Unity.Netcode.FastBufferReader,Unity.Netcode.NetworkContext&,Unity.Netcode.NetworkMessageManager) (at ./Library/PackageCache/com.unity.netcode.gameobjects@1.11.0/Runtime/Messaging/NetworkMessageManager.cs:582)
Unity.Netcode.NetworkMessageManager:HandleMessage (Unity.Netcode.NetworkMessageHeader&,Unity.Netcode.FastBufferReader,ulong,single,int) (at ./Library/PackageCache/com.unity.netcode.gameobjects@1.11.0/Runtime/Messaging/NetworkMessageManager.cs:446)
Unity.Netcode.NetworkMessageManager:ProcessIncomingMessageQueue () (at ./Library/PackageCache/com.unity.netcode.gameobjects@1.11.0/Runtime/Messaging/NetworkMessageManager.cs:472)
Unity.Netcode.NetworkManager:NetworkUpdate (Unity.Netcode.NetworkUpdateStage) (at ./Library/PackageCache/com.unity.netcode.gameobjects@1.11.0/Runtime/Core/NetworkManager.cs:49)
Unity.Netcode.NetworkUpdateLoop:RunNetworkUpdateStage (Unity.Netcode.NetworkUpdateStage) (at ./Library/PackageCache/com.unity.netcode.gameobjects@1.11.0/Runtime/Core/NetworkUpdateLoop.cs:192)
Unity.Netcode.NetworkUpdateLoop/NetworkEarlyUpdate/<>c:<CreateLoopSystem>b__0_0 () (at ./Library/PackageCache/com.unity.netcode.gameobjects@1.11.0/Runtime/Core/NetworkUpdateLoop.cs:215)

(Filename: C:/Users/polca/Desktop/MarcoPolo/Assets/Scripts/Match/RoundManager.cs Line: 201)

[Spawn] Spawned player for client 1 at (7.00, 0.00, 0.00) | Faction: Red
UnityEngine.StackTraceUtility:ExtractStackTrace () (at C:/build/output/unity/unity/Runtime/Export/Scripting/StackTrace.cs:37)
UnityEngine.DebugLogHandler:LogFormat (UnityEngine.LogType,UnityEngine.Object,string,object[])
UnityEngine.Logger:Log (UnityEngine.LogType,object)
UnityEngine.Debug:Log (object)
FrentePartido.Networking.PlayerSpawnManager:SpawnPlayerForClient (ulong) (at C:/Users/polca/Desktop/MarcoPolo/Assets/Scripts/Networking/PlayerSpawnManager.cs:143)
FrentePartido.Networking.PlayerSpawnManager:HandleClientConnected (ulong) (at C:/Users/polca/Desktop/MarcoPolo/Assets/Scripts/Networking/PlayerSpawnManager.cs:80)
Unity.Netcode.NetworkConnectionManager:InvokeOnClientConnectedCallback (ulong) (at ./Library/PackageCache/com.unity.netcode.gameobjects@1.11.0/Runtime/Connection/NetworkConnectionManager.cs:87)
Unity.Netcode.NetworkSceneManager:HandleServerSceneEvent (uint,ulong) (at ./Library/PackageCache/com.unity.netcode.gameobjects@1.11.0/Runtime/SceneManagement/NetworkSceneManager.cs:2284)
Unity.Netcode.NetworkSceneManager:HandleSceneEvent (ulong,Unity.Netcode.FastBufferReader) (at ./Library/PackageCache/com.unity.netcode.gameobjects@1.11.0/Runtime/SceneManagement/NetworkSceneManager.cs:2355)
Unity.Netcode.SceneEventMessage:Handle (Unity.Netcode.NetworkContext&) (at ./Library/PackageCache/com.unity.netcode.gameobjects@1.11.0/Runtime/Messaging/Messages/SceneEventMessage.cs:26)
Unity.Netcode.NetworkMessageManager:ReceiveMessage<Unity.Netcode.SceneEventMessage> (Unity.Netcode.FastBufferReader,Unity.Netcode.NetworkContext&,Unity.Netcode.NetworkMessageManager) (at ./Library/PackageCache/com.unity.netcode.gameobjects@1.11.0/Runtime/Messaging/NetworkMessageManager.cs:582)
Unity.Netcode.NetworkMessageManager:HandleMessage (Unity.Netcode.NetworkMessageHeader&,Unity.Netcode.FastBufferReader,ulong,single,int) (at ./Library/PackageCache/com.unity.netcode.gameobjects@1.11.0/Runtime/Messaging/NetworkMessageManager.cs:446)
Unity.Netcode.NetworkMessageManager:ProcessIncomingMessageQueue () (at ./Library/PackageCache/com.unity.netcode.gameobjects@1.11.0/Runtime/Messaging/NetworkMessageManager.cs:472)
Unity.Netcode.NetworkManager:NetworkUpdate (Unity.Netcode.NetworkUpdateStage) (at ./Library/PackageCache/com.unity.netcode.gameobjects@1.11.0/Runtime/Core/NetworkManager.cs:49)
Unity.Netcode.NetworkUpdateLoop:RunNetworkUpdateStage (Unity.Netcode.NetworkUpdateStage) (at ./Library/PackageCache/com.unity.netcode.gameobjects@1.11.0/Runtime/Core/NetworkUpdateLoop.cs:192)
Unity.Netcode.NetworkUpdateLoop/NetworkEarlyUpdate/<>c:<CreateLoopSystem>b__0_0 () (at ./Library/PackageCache/com.unity.netcode.gameobjects@1.11.0/Runtime/Core/NetworkUpdateLoop.cs:215)

(Filename: C:/Users/polca/Desktop/MarcoPolo/Assets/Scripts/Networking/PlayerSpawnManager.cs Line: 143)

[GameState] Slots assigned — P1: 0 (Blue), P2: 1 (Red)
UnityEngine.StackTraceUtility:ExtractStackTrace () (at C:/build/output/unity/unity/Runtime/Export/Scripting/StackTrace.cs:37)
UnityEngine.DebugLogHandler:LogFormat (UnityEngine.LogType,UnityEngine.Object,string,object[])
UnityEngine.Logger:Log (UnityEngine.LogType,object)
UnityEngine.Debug:Log (object)
FrentePartido.Networking.NetworkGameState:AssignPlayerSlots (ulong,ulong) (at C:/Users/polca/Desktop/MarcoPolo/Assets/Scripts/Networking/NetworkGameState.cs:219)
FrentePartido.Networking.PlayerSpawnManager:HandleClientConnected (ulong) (at C:/Users/polca/Desktop/MarcoPolo/Assets/Scripts/Networking/PlayerSpawnManager.cs:85)
Unity.Netcode.NetworkConnectionManager:InvokeOnClientConnectedCallback (ulong) (at ./Library/PackageCache/com.unity.netcode.gameobjects@1.11.0/Runtime/Connection/NetworkConnectionManager.cs:87)
Unity.Netcode.NetworkSceneManager:HandleServerSceneEvent (uint,ulong) (at ./Library/PackageCache/com.unity.netcode.gameobjects@1.11.0/Runtime/SceneManagement/NetworkSceneManager.cs:2284)
Unity.Netcode.NetworkSceneManager:HandleSceneEvent (ulong,Unity.Netcode.FastBufferReader) (at ./Library/PackageCache/com.unity.netcode.gameobjects@1.11.0/Runtime/SceneManagement/NetworkSceneManager.cs:2355)
Unity.Netcode.SceneEventMessage:Handle (Unity.Netcode.NetworkContext&) (at ./Library/PackageCache/com.unity.netcode.gameobjects@1.11.0/Runtime/Messaging/Messages/SceneEventMessage.cs:26)
Unity.Netcode.NetworkMessageManager:ReceiveMessage<Unity.Netcode.SceneEventMessage> (Unity.Netcode.FastBufferReader,Unity.Netcode.NetworkContext&,Unity.Netcode.NetworkMessageManager) (at ./Library/PackageCache/com.unity.netcode.gameobjects@1.11.0/Runtime/Messaging/NetworkMessageManager.cs:582)
Unity.Netcode.NetworkMessageManager:HandleMessage (Unity.Netcode.NetworkMessageHeader&,Unity.Netcode.FastBufferReader,ulong,single,int) (at ./Library/PackageCache/com.unity.netcode.gameobjects@1.11.0/Runtime/Messaging/NetworkMessageManager.cs:446)
Unity.Netcode.NetworkMessageManager:ProcessIncomingMessageQueue () (at ./Library/PackageCache/com.unity.netcode.gameobjects@1.11.0/Runtime/Messaging/NetworkMessageManager.cs:472)
Unity.Netcode.NetworkManager:NetworkUpdate (Unity.Netcode.NetworkUpdateStage) (at ./Library/PackageCache/com.unity.netcode.gameobjects@1.11.0/Runtime/Core/NetworkManager.cs:49)
Unity.Netcode.NetworkUpdateLoop:RunNetworkUpdateStage (Unity.Netcode.NetworkUpdateStage) (at ./Library/PackageCache/com.unity.netcode.gameobjects@1.11.0/Runtime/Core/NetworkUpdateLoop.cs:192)
Unity.Netcode.NetworkUpdateLoop/NetworkEarlyUpdate/<>c:<CreateLoopSystem>b__0_0 () (at ./Library/PackageCache/com.unity.netcode.gameobjects@1.11.0/Runtime/Core/NetworkUpdateLoop.cs:215)

(Filename: C:/Users/polca/Desktop/MarcoPolo/Assets/Scripts/Networking/NetworkGameState.cs Line: 219)

[LanSmoke] Combat check start players=2 targetHp=100
UnityEngine.StackTraceUtility:ExtractStackTrace () (at C:/build/output/unity/unity/Runtime/Export/Scripting/StackTrace.cs:37)
UnityEngine.DebugLogHandler:LogFormat (UnityEngine.LogType,UnityEngine.Object,string,object[])
UnityEngine.Logger:Log (UnityEngine.LogType,object)
UnityEngine.Debug:Log (object)
FrentePartido.Networking.LanSmokeBootstrap/Runner/<RunCombatSmoke>d__5:MoveNext () (at C:/Users/polca/Desktop/MarcoPolo/Assets/Scripts/Networking/LanSmokeBootstrap.cs:148)
UnityEngine.SetupCoroutine:InvokeMoveNext (System.Collections.IEnumerator,intptr) (at C:/build/output/unity/unity/Runtime/Export/Scripting/Coroutines.cs:17)

(Filename: C:/Users/polca/Desktop/MarcoPolo/Assets/Scripts/Networking/LanSmokeBootstrap.cs Line: 148)

[LanSmoke] Combat check damageOk=True deathOk=True targetHp=0
UnityEngine.StackTraceUtility:ExtractStackTrace () (at C:/build/output/unity/unity/Runtime/Export/Scripting/StackTrace.cs:37)
UnityEngine.DebugLogHandler:LogFormat (UnityEngine.LogType,UnityEngine.Object,string,object[])
UnityEngine.Logger:Log (UnityEngine.LogType,object)
UnityEngine.Debug:Log (object)
FrentePartido.Networking.LanSmokeBootstrap/Runner/<RunCombatSmoke>d__5:MoveNext () (at C:/Users/polca/Desktop/MarcoPolo/Assets/Scripts/Networking/LanSmokeBootstrap.cs:158)
UnityEngine.SetupCoroutine:InvokeMoveNext (System.Collections.IEnumerator,intptr) (at C:/build/output/unity/unity/Runtime/Export/Scripting/Coroutines.cs:17)

(Filename: C:/Users/polca/Desktop/MarcoPolo/Assets/Scripts/Networking/LanSmokeBootstrap.cs Line: 158)

[LanSmoke] role=host listening=True connected=2 spawned=3
UnityEngine.StackTraceUtility:ExtractStackTrace () (at C:/build/output/unity/unity/Runtime/Export/Scripting/StackTrace.cs:37)
UnityEngine.DebugLogHandler:LogFormat (UnityEngine.LogType,UnityEngine.Object,string,object[])
UnityEngine.Logger:Log (UnityEngine.LogType,object)
UnityEngine.Debug:Log (object)
FrentePartido.Networking.LanSmokeBootstrap/Runner:Update () (at C:/Users/polca/Desktop/MarcoPolo/Assets/Scripts/Networking/LanSmokeBootstrap.cs:102)

(Filename: C:/Users/polca/Desktop/MarcoPolo/Assets/Scripts/Networking/LanSmokeBootstrap.cs Line: 102)

[LanSmoke] role=host listening=True connected=2 spawned=3
UnityEngine.StackTraceUtility:ExtractStackTrace () (at C:/build/output/unity/unity/Runtime/Export/Scripting/StackTrace.cs:37)
UnityEngine.DebugLogHandler:LogFormat (UnityEngine.LogType,UnityEngine.Object,string,object[])
UnityEngine.Logger:Log (UnityEngine.LogType,object)
UnityEngine.Debug:Log (object)
FrentePartido.Networking.LanSmokeBootstrap/Runner:Update () (at C:/Users/polca/Desktop/MarcoPolo/Assets/Scripts/Networking/LanSmokeBootstrap.cs:102)

(Filename: C:/Users/polca/Desktop/MarcoPolo/Assets/Scripts/Networking/LanSmokeBootstrap.cs Line: 102)

[LanSmoke] role=host listening=True connected=2 spawned=3
UnityEngine.StackTraceUtility:ExtractStackTrace () (at C:/build/output/unity/unity/Runtime/Export/Scripting/StackTrace.cs:37)
UnityEngine.DebugLogHandler:LogFormat (UnityEngine.LogType,UnityEngine.Object,string,object[])
UnityEngine.Logger:Log (UnityEngine.LogType,object)
UnityEngine.Debug:Log (object)
FrentePartido.Networking.LanSmokeBootstrap/Runner:Update () (at C:/Users/polca/Desktop/MarcoPolo/Assets/Scripts/Networking/LanSmokeBootstrap.cs:102)

(Filename: C:/Users/polca/Desktop/MarcoPolo/Assets/Scripts/Networking/LanSmokeBootstrap.cs Line: 102)

[LanSmoke] role=host listening=True connected=2 spawned=3
UnityEngine.StackTraceUtility:ExtractStackTrace () (at C:/build/output/unity/unity/Runtime/Export/Scripting/StackTrace.cs:37)
UnityEngine.DebugLogHandler:LogFormat (UnityEngine.LogType,UnityEngine.Object,string,object[])
UnityEngine.Logger:Log (UnityEngine.LogType,object)
UnityEngine.Debug:Log (object)
FrentePartido.Networking.LanSmokeBootstrap/Runner:Update () (at C:/Users/polca/Desktop/MarcoPolo/Assets/Scripts/Networking/LanSmokeBootstrap.cs:102)

(Filename: C:/Users/polca/Desktop/MarcoPolo/Assets/Scripts/Networking/LanSmokeBootstrap.cs Line: 102)

[LanSmoke] role=host listening=True connected=2 spawned=3
UnityEngine.StackTraceUtility:ExtractStackTrace () (at C:/build/output/unity/unity/Runtime/Export/Scripting/StackTrace.cs:37)
UnityEngine.DebugLogHandler:LogFormat (UnityEngine.LogType,UnityEngine.Object,string,object[])
UnityEngine.Logger:Log (UnityEngine.LogType,object)
UnityEngine.Debug:Log (object)
FrentePartido.Networking.LanSmokeBootstrap/Runner:Update () (at C:/Users/polca/Desktop/MarcoPolo/Assets/Scripts/Networking/LanSmokeBootstrap.cs:102)

(Filename: C:/Users/polca/Desktop/MarcoPolo/Assets/Scripts/Networking/LanSmokeBootstrap.cs Line: 102)

[LanSmoke] role=host listening=True connected=2 spawned=3
UnityEngine.StackTraceUtility:ExtractStackTrace () (at C:/build/output/unity/unity/Runtime/Export/Scripting/StackTrace.cs:37)
UnityEngine.DebugLogHandler:LogFormat (UnityEngine.LogType,UnityEngine.Object,string,object[])
UnityEngine.Logger:Log (UnityEngine.LogType,object)
UnityEngine.Debug:Log (object)
FrentePartido.Networking.LanSmokeBootstrap/Runner:Update () (at C:/Users/polca/Desktop/MarcoPolo/Assets/Scripts/Networking/LanSmokeBootstrap.cs:102)

(Filename: C:/Users/polca/Desktop/MarcoPolo/Assets/Scripts/Networking/LanSmokeBootstrap.cs Line: 102)

[LanSmoke] role=host listening=True connected=2 spawned=3
UnityEngine.StackTraceUtility:ExtractStackTrace () (at C:/build/output/unity/unity/Runtime/Export/Scripting/StackTrace.cs:37)
UnityEngine.DebugLogHandler:LogFormat (UnityEngine.LogType,UnityEngine.Object,string,object[])
UnityEngine.Logger:Log (UnityEngine.LogType,object)
UnityEngine.Debug:Log (object)
FrentePartido.Networking.LanSmokeBootstrap/Runner:Update () (at C:/Users/polca/Desktop/MarcoPolo/Assets/Scripts/Networking/LanSmokeBootstrap.cs:102)

(Filename: C:/Users/polca/Desktop/MarcoPolo/Assets/Scripts/Networking/LanSmokeBootstrap.cs Line: 102)

[LanSmoke] role=host listening=True connected=2 spawned=3
UnityEngine.StackTraceUtility:ExtractStackTrace () (at C:/build/output/unity/unity/Runtime/Export/Scripting/StackTrace.cs:37)
UnityEngine.DebugLogHandler:LogFormat (UnityEngine.LogType,UnityEngine.Object,string,object[])
UnityEngine.Logger:Log (UnityEngine.LogType,object)
UnityEngine.Debug:Log (object)
FrentePartido.Networking.LanSmokeBootstrap/Runner:Update () (at C:/Users/polca/Desktop/MarcoPolo/Assets/Scripts/Networking/LanSmokeBootstrap.cs:102)

(Filename: C:/Users/polca/Desktop/MarcoPolo/Assets/Scripts/Networking/LanSmokeBootstrap.cs Line: 102)

[LanSmoke] role=host listening=True connected=2 spawned=3
UnityEngine.StackTraceUtility:ExtractStackTrace () (at C:/build/output/unity/unity/Runtime/Export/Scripting/StackTrace.cs:37)
UnityEngine.DebugLogHandler:LogFormat (UnityEngine.LogType,UnityEngine.Object,string,object[])
UnityEngine.Logger:Log (UnityEngine.LogType,object)
UnityEngine.Debug:Log (object)
FrentePartido.Networking.LanSmokeBootstrap/Runner:Update () (at C:/Users/polca/Desktop/MarcoPolo/Assets/Scripts/Networking/LanSmokeBootstrap.cs:102)

(Filename: C:/Users/polca/Desktop/MarcoPolo/Assets/Scripts/Networking/LanSmokeBootstrap.cs Line: 102)

[LanSmoke] role=host listening=True connected=2 spawned=3
UnityEngine.StackTraceUtility:ExtractStackTrace () (at C:/build/output/unity/unity/Runtime/Export/Scripting/StackTrace.cs:37)
UnityEngine.DebugLogHandler:LogFormat (UnityEngine.LogType,UnityEngine.Object,string,object[])
UnityEngine.Logger:Log (UnityEngine.LogType,object)
UnityEngine.Debug:Log (object)
FrentePartido.Networking.LanSmokeBootstrap/Runner:Update () (at C:/Users/polca/Desktop/MarcoPolo/Assets/Scripts/Networking/LanSmokeBootstrap.cs:102)

(Filename: C:/Users/polca/Desktop/MarcoPolo/Assets/Scripts/Networking/LanSmokeBootstrap.cs Line: 102)

[LanSmoke] role=host listening=True connected=2 spawned=3
UnityEngine.StackTraceUtility:ExtractStackTrace () (at C:/build/output/unity/unity/Runtime/Export/Scripting/StackTrace.cs:37)
UnityEngine.DebugLogHandler:LogFormat (UnityEngine.LogType,UnityEngine.Object,string,object[])
UnityEngine.Logger:Log (UnityEngine.LogType,object)
UnityEngine.Debug:Log (object)
FrentePartido.Networking.LanSmokeBootstrap/Runner:Update () (at C:/Users/polca/Desktop/MarcoPolo/Assets/Scripts/Networking/LanSmokeBootstrap.cs:102)

(Filename: C:/Users/polca/Desktop/MarcoPolo/Assets/Scripts/Networking/LanSmokeBootstrap.cs Line: 102)

[LanSmoke] role=host listening=True connected=2 spawned=3
UnityEngine.StackTraceUtility:ExtractStackTrace () (at C:/build/output/unity/unity/Runtime/Export/Scripting/StackTrace.cs:37)
UnityEngine.DebugLogHandler:LogFormat (UnityEngine.LogType,UnityEngine.Object,string,object[])
UnityEngine.Logger:Log (UnityEngine.LogType,object)
UnityEngine.Debug:Log (object)
FrentePartido.Networking.LanSmokeBootstrap/Runner:Update () (at C:/Users/polca/Desktop/MarcoPolo/Assets/Scripts/Networking/LanSmokeBootstrap.cs:102)

(Filename: C:/Users/polca/Desktop/MarcoPolo/Assets/Scripts/Networking/LanSmokeBootstrap.cs Line: 102)

[LanSmoke] role=host listening=True connected=2 spawned=3
UnityEngine.StackTraceUtility:ExtractStackTrace () (at C:/build/output/unity/unity/Runtime/Export/Scripting/StackTrace.cs:37)
UnityEngine.DebugLogHandler:LogFormat (UnityEngine.LogType,UnityEngine.Object,string,object[])
UnityEngine.Logger:Log (UnityEngine.LogType,object)
UnityEngine.Debug:Log (object)
FrentePartido.Networking.LanSmokeBootstrap/Runner:Update () (at C:/Users/polca/Desktop/MarcoPolo/Assets/Scripts/Networking/LanSmokeBootstrap.cs:102)

(Filename: C:/Users/polca/Desktop/MarcoPolo/Assets/Scripts/Networking/LanSmokeBootstrap.cs Line: 102)

[LanSmoke] role=host listening=True connected=2 spawned=3
UnityEngine.StackTraceUtility:ExtractStackTrace () (at C:/build/output/unity/unity/Runtime/Export/Scripting/StackTrace.cs:37)
UnityEngine.DebugLogHandler:LogFormat (UnityEngine.LogType,UnityEngine.Object,string,object[])
UnityEngine.Logger:Log (UnityEngine.LogType,object)
UnityEngine.Debug:Log (object)
FrentePartido.Networking.LanSmokeBootstrap/Runner:Update () (at C:/Users/polca/Desktop/MarcoPolo/Assets/Scripts/Networking/LanSmokeBootstrap.cs:102)

(Filename: C:/Users/polca/Desktop/MarcoPolo/Assets/Scripts/Networking/LanSmokeBootstrap.cs Line: 102)

[LanSmoke] role=host listening=True connected=2 spawned=3
UnityEngine.StackTraceUtility:ExtractStackTrace () (at C:/build/output/unity/unity/Runtime/Export/Scripting/StackTrace.cs:37)
UnityEngine.DebugLogHandler:LogFormat (UnityEngine.LogType,UnityEngine.Object,string,object[])
UnityEngine.Logger:Log (UnityEngine.LogType,object)
UnityEngine.Debug:Log (object)
FrentePartido.Networking.LanSmokeBootstrap/Runner:Update () (at C:/Users/polca/Desktop/MarcoPolo/Assets/Scripts/Networking/LanSmokeBootstrap.cs:102)

(Filename: C:/Users/polca/Desktop/MarcoPolo/Assets/Scripts/Networking/LanSmokeBootstrap.cs Line: 102)

[LanSmoke] role=host listening=True connected=2 spawned=3
UnityEngine.StackTraceUtility:ExtractStackTrace () (at C:/build/output/unity/unity/Runtime/Export/Scripting/StackTrace.cs:37)
UnityEngine.DebugLogHandler:LogFormat (UnityEngine.LogType,UnityEngine.Object,string,object[])
UnityEngine.Logger:Log (UnityEngine.LogType,object)
UnityEngine.Debug:Log (object)
FrentePartido.Networking.LanSmokeBootstrap/Runner:Update () (at C:/Users/polca/Desktop/MarcoPolo/Assets/Scripts/Networking/LanSmokeBootstrap.cs:102)

(Filename: C:/Users/polca/Desktop/MarcoPolo/Assets/Scripts/Networking/LanSmokeBootstrap.cs Line: 102)

[LanSmoke] role=host listening=True connected=2 spawned=3
UnityEngine.StackTraceUtility:ExtractStackTrace () (at C:/build/output/unity/unity/Runtime/Export/Scripting/StackTrace.cs:37)
UnityEngine.DebugLogHandler:LogFormat (UnityEngine.LogType,UnityEngine.Object,string,object[])
UnityEngine.Logger:Log (UnityEngine.LogType,object)
UnityEngine.Debug:Log (object)
FrentePartido.Networking.LanSmokeBootstrap/Runner:Update () (at C:/Users/polca/Desktop/MarcoPolo/Assets/Scripts/Networking/LanSmokeBootstrap.cs:102)

(Filename: C:/Users/polca/Desktop/MarcoPolo/Assets/Scripts/Networking/LanSmokeBootstrap.cs Line: 102)

[LanSmoke] Screenshot C:\Users\polca\Desktop\MarcoPolo\Builds\Smoke\local-host.png
UnityEngine.StackTraceUtility:ExtractStackTrace () (at C:/build/output/unity/unity/Runtime/Export/Scripting/StackTrace.cs:37)
UnityEngine.DebugLogHandler:LogFormat (UnityEngine.LogType,UnityEngine.Object,string,object[])
UnityEngine.Logger:Log (UnityEngine.LogType,object)
UnityEngine.Debug:Log (object)
FrentePartido.Networking.LanSmokeBootstrap/Runner/<CaptureAndQuit>d__4:MoveNext () (at C:/Users/polca/Desktop/MarcoPolo/Assets/Scripts/Networking/LanSmokeBootstrap.cs:115)
UnityEngine.SetupCoroutine:InvokeMoveNext (System.Collections.IEnumerator,intptr) (at C:/build/output/unity/unity/Runtime/Export/Scripting/Coroutines.cs:17)

(Filename: C:/Users/polca/Desktop/MarcoPolo/Assets/Scripts/Networking/LanSmokeBootstrap.cs Line: 115)

[Session] Client disconnected: 1
UnityEngine.StackTraceUtility:ExtractStackTrace () (at C:/build/output/unity/unity/Runtime/Export/Scripting/StackTrace.cs:37)
UnityEngine.DebugLogHandler:LogFormat (UnityEngine.LogType,UnityEngine.Object,string,object[])
UnityEngine.Logger:Log (UnityEngine.LogType,object)
UnityEngine.Debug:Log (object)
FrentePartido.Networking.NetworkSessionManager:HandleClientDisconnected (ulong) (at C:/Users/polca/Desktop/MarcoPolo/Assets/Scripts/Networking/NetworkSessionManager.cs:324)
Unity.Netcode.NetworkConnectionManager:InvokeOnClientDisconnectCallback (ulong) (at ./Library/PackageCache/com.unity.netcode.gameobjects@1.11.0/Runtime/Connection/NetworkConnectionManager.cs:140)
Unity.Netcode.NetworkConnectionManager:OnClientDisconnectFromServer (ulong) (at ./Library/PackageCache/com.unity.netcode.gameobjects@1.11.0/Runtime/Connection/NetworkConnectionManager.cs:1028)
Unity.Netcode.NetworkConnectionManager:DisconnectRemoteClient (ulong) (at ./Library/PackageCache/com.unity.netcode.gameobjects@1.11.0/Runtime/Connection/NetworkConnectionManager.cs:1055)
Unity.Netcode.NetworkConnectionManager:Shutdown () (at ./Library/PackageCache/com.unity.netcode.gameobjects@1.11.0/Runtime/Connection/NetworkConnectionManager.cs:1155)
Unity.Netcode.NetworkManager:ShutdownInternal () (at ./Library/PackageCache/com.unity.netcode.gameobjects@1.11.0/Runtime/Core/NetworkManager.cs:1199)
Unity.Netcode.NetworkManager:OnDestroy () (at ./Library/PackageCache/com.unity.netcode.gameobjects@1.11.0/Runtime/Core/NetworkManager.cs:1273)
Unity.Netcode.NetworkManager:OnApplicationQuit () (at ./Library/PackageCache/com.unity.netcode.gameobjects@1.11.0/Runtime/Core/NetworkManager.cs:1267)

(Filename: C:/Users/polca/Desktop/MarcoPolo/Assets/Scripts/Networking/NetworkSessionManager.cs Line: 324)

[Spawn] Cleaned up player object for client 1.
UnityEngine.StackTraceUtility:ExtractStackTrace () (at C:/build/output/unity/unity/Runtime/Export/Scripting/StackTrace.cs:37)
UnityEngine.DebugLogHandler:LogFormat (UnityEngine.LogType,UnityEngine.Object,string,object[])
UnityEngine.Logger:Log (UnityEngine.LogType,object)
UnityEngine.Debug:Log (object)
FrentePartido.Networking.PlayerSpawnManager:HandleClientDisconnected (ulong) (at C:/Users/polca/Desktop/MarcoPolo/Assets/Scripts/Networking/PlayerSpawnManager.cs:102)
Unity.Netcode.NetworkConnectionManager:InvokeOnClientDisconnectCallback (ulong) (at ./Library/PackageCache/com.unity.netcode.gameobjects@1.11.0/Runtime/Connection/NetworkConnectionManager.cs:140)
Unity.Netcode.NetworkConnectionManager:OnClientDisconnectFromServer (ulong) (at ./Library/PackageCache/com.unity.netcode.gameobjects@1.11.0/Runtime/Connection/NetworkConnectionManager.cs:1028)
Unity.Netcode.NetworkConnectionManager:DisconnectRemoteClient (ulong) (at ./Library/PackageCache/com.unity.netcode.gameobjects@1.11.0/Runtime/Connection/NetworkConnectionManager.cs:1055)
Unity.Netcode.NetworkConnectionManager:Shutdown () (at ./Library/PackageCache/com.unity.netcode.gameobjects@1.11.0/Runtime/Connection/NetworkConnectionManager.cs:1155)
Unity.Netcode.NetworkManager:ShutdownInternal () (at ./Library/PackageCache/com.unity.netcode.gameobjects@1.11.0/Runtime/Core/NetworkManager.cs:1199)
Unity.Netcode.NetworkManager:OnDestroy () (at ./Library/PackageCache/com.unity.netcode.gameobjects@1.11.0/Runtime/Core/NetworkManager.cs:1273)
Unity.Netcode.NetworkManager:OnApplicationQuit () (at ./Library/PackageCache/com.unity.netcode.gameobjects@1.11.0/Runtime/Core/NetworkManager.cs:1267)

(Filename: C:/Users/polca/Desktop/MarcoPolo/Assets/Scripts/Networking/PlayerSpawnManager.cs Line: 102)

[Session] Client disconnected: 0
UnityEngine.StackTraceUtility:ExtractStackTrace () (at C:/build/output/unity/unity/Runtime/Export/Scripting/StackTrace.cs:37)
UnityEngine.DebugLogHandler:LogFormat (UnityEngine.LogType,UnityEngine.Object,string,object[])
UnityEngine.Logger:Log (UnityEngine.LogType,object)
UnityEngine.Debug:Log (object)
FrentePartido.Networking.NetworkSessionManager:HandleClientDisconnected (ulong) (at C:/Users/polca/Desktop/MarcoPolo/Assets/Scripts/Networking/NetworkSessionManager.cs:324)
Unity.Netcode.NetworkConnectionManager:InvokeOnClientDisconnectCallback (ulong) (at ./Library/PackageCache/com.unity.netcode.gameobjects@1.11.0/Runtime/Connection/NetworkConnectionManager.cs:140)
Unity.Netcode.NetworkManager:ShutdownInternal () (at ./Library/PackageCache/com.unity.netcode.gameobjects@1.11.0/Runtime/Core/NetworkManager.cs:1226)
Unity.Netcode.NetworkManager:OnDestroy () (at ./Library/PackageCache/com.unity.netcode.gameobjects@1.11.0/Runtime/Core/NetworkManager.cs:1273)
Unity.Netcode.NetworkManager:OnApplicationQuit () (at ./Library/PackageCache/com.unity.netcode.gameobjects@1.11.0/Runtime/Core/NetworkManager.cs:1267)

(Filename: C:/Users/polca/Desktop/MarcoPolo/Assets/Scripts/Networking/NetworkSessionManager.cs Line: 324)

[Session] Local client was disconnected from host.
UnityEngine.StackTraceUtility:ExtractStackTrace () (at C:/build/output/unity/unity/Runtime/Export/Scripting/StackTrace.cs:37)
UnityEngine.DebugLogHandler:LogFormat (UnityEngine.LogType,UnityEngine.Object,string,object[])
UnityEngine.Logger:Log (UnityEngine.LogType,object)
UnityEngine.Debug:LogWarning (object)
FrentePartido.Networking.NetworkSessionManager:HandleClientDisconnected (ulong) (at C:/Users/polca/Desktop/MarcoPolo/Assets/Scripts/Networking/NetworkSessionManager.cs:336)
Unity.Netcode.NetworkConnectionManager:InvokeOnClientDisconnectCallback (ulong) (at ./Library/PackageCache/com.unity.netcode.gameobjects@1.11.0/Runtime/Connection/NetworkConnectionManager.cs:140)
Unity.Netcode.NetworkManager:ShutdownInternal () (at ./Library/PackageCache/com.unity.netcode.gameobjects@1.11.0/Runtime/Core/NetworkManager.cs:1226)
Unity.Netcode.NetworkManager:OnDestroy () (at ./Library/PackageCache/com.unity.netcode.gameobjects@1.11.0/Runtime/Core/NetworkManager.cs:1273)
Unity.Netcode.NetworkManager:OnApplicationQuit () (at ./Library/PackageCache/com.unity.netcode.gameobjects@1.11.0/Runtime/Core/NetworkManager.cs:1267)

(Filename: C:/Users/polca/Desktop/MarcoPolo/Assets/Scripts/Networking/NetworkSessionManager.cs Line: 336)

[Session] Leaving session...
UnityEngine.StackTraceUtility:ExtractStackTrace () (at C:/build/output/unity/unity/Runtime/Export/Scripting/StackTrace.cs:37)
UnityEngine.DebugLogHandler:LogFormat (UnityEngine.LogType,UnityEngine.Object,string,object[])
UnityEngine.Logger:Log (UnityEngine.LogType,object)
UnityEngine.Debug:Log (object)
FrentePartido.Networking.NetworkSessionManager:LeaveSession () (at C:/Users/polca/Desktop/MarcoPolo/Assets/Scripts/Networking/NetworkSessionManager.cs:281)
FrentePartido.Networking.NetworkSessionManager:HandleClientDisconnected (ulong) (at C:/Users/polca/Desktop/MarcoPolo/Assets/Scripts/Networking/NetworkSessionManager.cs:337)
Unity.Netcode.NetworkConnectionManager:InvokeOnClientDisconnectCallback (ulong) (at ./Library/PackageCache/com.unity.netcode.gameobjects@1.11.0/Runtime/Connection/NetworkConnectionManager.cs:140)
Unity.Netcode.NetworkManager:ShutdownInternal () (at ./Library/PackageCache/com.unity.netcode.gameobjects@1.11.0/Runtime/Core/NetworkManager.cs:1226)
Unity.Netcode.NetworkManager:OnDestroy () (at ./Library/PackageCache/com.unity.netcode.gameobjects@1.11.0/Runtime/Core/NetworkManager.cs:1273)
Unity.Netcode.NetworkManager:OnApplicationQuit () (at ./Library/PackageCache/com.unity.netcode.gameobjects@1.11.0/Runtime/Core/NetworkManager.cs:1267)

(Filename: C:/Users/polca/Desktop/MarcoPolo/Assets/Scripts/Networking/NetworkSessionManager.cs Line: 281)

[Lobby] Not in a lobby. Nothing to leave.
UnityEngine.StackTraceUtility:ExtractStackTrace () (at C:/build/output/unity/unity/Runtime/Export/Scripting/StackTrace.cs:37)
UnityEngine.DebugLogHandler:LogFormat (UnityEngine.LogType,UnityEngine.Object,string,object[])
UnityEngine.Logger:Log (UnityEngine.LogType,object)
UnityEngine.Debug:LogWarning (object)
FrentePartido.Networking.LobbyManager/<LeaveLobby>d__15:MoveNext () (at C:/Users/polca/Desktop/MarcoPolo/Assets/Scripts/Networking/LobbyManager.cs:124)
System.Runtime.CompilerServices.AsyncTaskMethodBuilder:Start<FrentePartido.Networking.LobbyManager/<LeaveLobby>d__15> (FrentePartido.Networking.LobbyManager/<LeaveLobby>d__15&)
FrentePartido.Networking.LobbyManager:LeaveLobby ()
FrentePartido.Networking.NetworkSessionManager:LeaveSession () (at C:/Users/polca/Desktop/MarcoPolo/Assets/Scripts/Networking/NetworkSessionManager.cs:291)
FrentePartido.Networking.NetworkSessionManager:HandleClientDisconnected (ulong) (at C:/Users/polca/Desktop/MarcoPolo/Assets/Scripts/Networking/NetworkSessionManager.cs:337)
Unity.Netcode.NetworkConnectionManager:InvokeOnClientDisconnectCallback (ulong) (at ./Library/PackageCache/com.unity.netcode.gameobjects@1.11.0/Runtime/Connection/NetworkConnectionManager.cs:140)
Unity.Netcode.NetworkManager:ShutdownInternal () (at ./Library/PackageCache/com.unity.netcode.gameobjects@1.11.0/Runtime/Core/NetworkManager.cs:1226)
Unity.Netcode.NetworkManager:OnDestroy () (at ./Library/PackageCache/com.unity.netcode.gameobjects@1.11.0/Runtime/Core/NetworkManager.cs:1273)
Unity.Netcode.NetworkManager:OnApplicationQuit () (at ./Library/PackageCache/com.unity.netcode.gameobjects@1.11.0/Runtime/Core/NetworkManager.cs:1267)

(Filename: C:/Users/polca/Desktop/MarcoPolo/Assets/Scripts/Networking/LobbyManager.cs Line: 124)

Scene '02_MainMenu' couldn't be loaded because it has not been added to the build settings or the AssetBundle has not been loaded.
To add a scene to the build settings use the menu File->Build Settings...
UnityEngine.StackTraceUtility:ExtractStackTrace () (at C:/build/output/unity/unity/Runtime/Export/Scripting/StackTrace.cs:37)
UnityEngine.SceneManagement.SceneManagerAPIInternal:LoadSceneAsyncNameIndexInternal (string,int,UnityEngine.SceneManagement.LoadSceneParameters,bool)
UnityEngine.SceneManagement.SceneManagerAPI:LoadSceneAsyncByNameOrIndex (string,int,UnityEngine.SceneManagement.LoadSceneParameters,bool) (at C:/build/output/unity/unity/Runtime/Export/SceneManager/SceneManager.bindings.cs:39)
UnityEngine.SceneManagement.SceneManager:LoadSceneAsyncNameIndexInternal (string,int,UnityEngine.SceneManagement.LoadSceneParameters,bool) (at C:/build/output/unity/unity/Runtime/Export/SceneManager/SceneManager.bindings.cs:114)
UnityEngine.SceneManagement.SceneManager:LoadScene (string,UnityEngine.SceneManagement.LoadSceneParameters) (at C:/build/output/unity/unity/Runtime/Export/SceneManager/SceneManager.cs:124)
UnityEngine.SceneManagement.SceneManager:LoadScene (string) (at C:/build/output/unity/unity/Runtime/Export/SceneManager/SceneManager.cs:119)
FrentePartido.Core.SceneFlowController:LoadScene (string) (at C:/Users/polca/Desktop/MarcoPolo/Assets/Scripts/Core/SceneFlowController.cs:24)
FrentePartido.Networking.NetworkSessionManager:LeaveSession () (at C:/Users/polca/Desktop/MarcoPolo/Assets/Scripts/Networking/NetworkSessionManager.cs:299)
FrentePartido.Networking.NetworkSessionManager:HandleClientDisconnected (ulong) (at C:/Users/polca/Desktop/MarcoPolo/Assets/Scripts/Networking/NetworkSessionManager.cs:337)
Unity.Netcode.NetworkConnectionManager:InvokeOnClientDisconnectCallback (ulong) (at ./Library/PackageCache/com.unity.netcode.gameobjects@1.11.0/Runtime/Connection/NetworkConnectionManager.cs:140)
Unity.Netcode.NetworkManager:ShutdownInternal () (at ./Library/PackageCache/com.unity.netcode.gameobjects@1.11.0/Runtime/Core/NetworkManager.cs:1226)
Unity.Netcode.NetworkManager:OnDestroy () (at ./Library/PackageCache/com.unity.netcode.gameobjects@1.11.0/Runtime/Core/NetworkManager.cs:1273)
Unity.Netcode.NetworkManager:OnApplicationQuit () (at ./Library/PackageCache/com.unity.netcode.gameobjects@1.11.0/Runtime/Core/NetworkManager.cs:1267)

[C:/Users/polca/Desktop/MarcoPolo/Assets/Scripts/Core/SceneFlowController.cs line 24]

Input System module state changed to: ShutdownInProgress.
Input System polling thread exited.
Input System module state changed to: Shutdown.
Leak Detected : Persistent allocates 257 individual allocations. To find out more, run with the command line argument '-native-leak-detection EnabledWithStackTrace' and reproduce the leak again.
PlayerConnection::CleanupMemory Statistics:
[ALLOC_TEMP_TLS] TLS Allocator
  StackAllocators : 
    [ALLOC_TEMP_MAIN]
      Peak usage frame count: [4.0 KB-8.0 KB]: 1960 frames, [16.0 KB-32.0 KB]: 595 frames, [256.0 KB-0.5 MB]: 1 frames, [2.0 MB-4.0 MB]: 1 frames
      Initial Block Size 4.0 MB
      Current Block Size 4.0 MB
      Peak Allocated Bytes 2.8 MB
      Overflow Count 0
    [ALLOC_TEMP_Background Job.Worker 8]
      Initial Block Size 32.0 KB
      Current Block Size 32.0 KB
      Peak Allocated Bytes 54 B
      Overflow Count 0
    [ALLOC_TEMP_Job.Worker 4]
      Initial Block Size 256.0 KB
      Current Block Size 256.0 KB
      Peak Allocated Bytes 10.7 KB
      Overflow Count 0
    [ALLOC_TEMP_AUDIO_FMOD mixer thread]
      Initial Block Size 64.0 KB
      Current Block Size 64.0 KB
      Peak Allocated Bytes 54 B
      Overflow Count 0
    [ALLOC_TEMP_Background Job.Worker 11]
      Initial Block Size 32.0 KB
      Current Block Size 32.0 KB
      Peak Allocated Bytes 54 B
      Overflow Count 0
    [ALLOC_TEMP_Background Job.Worker 3]
      Initial Block Size 32.0 KB
      Current Block Size 32.0 KB
      Peak Allocated Bytes 54 B
      Overflow Count 0
    [ALLOC_TEMP_BatchDeleteObjects]
      Initial Block Size 64.0 KB
      Current Block Size 64.0 KB
      Peak Allocated Bytes 54 B
      Overflow Count 0
    [ALLOC_TEMP_Job.Worker 13]
      Initial Block Size 256.0 KB
      Current Block Size 256.0 KB
      Peak Allocated Bytes 10.7 KB
      Overflow Count 0
    [ALLOC_TEMP_Background Job.Worker 2]
      Initial Block Size 32.0 KB
      Current Block Size 32.0 KB
      Peak Allocated Bytes 1.6 KB
      Overflow Count 0
    [ALLOC_TEMP_Job.Worker 10]
      Initial Block Size 256.0 KB
      Current Block Size 256.0 KB
      Peak Allocated Bytes 10.7 KB
      Overflow Count 0
    [ALLOC_TEMP_Job.Worker 12]
      Initial Block Size 256.0 KB
      Current Block Size 256.0 KB
      Peak Allocated Bytes 10.7 KB
      Overflow Count 0
    [ALLOC_TEMP_Loading.PreloadManager]
      Initial Block Size 256.0 KB
      Current Block Size 256.0 KB
      Peak Allocated Bytes 187.1 KB
      Overflow Count 4
    [ALLOC_TEMP_Profiler.Dispatcher]
      Initial Block Size 64.0 KB
      Current Block Size 64.0 KB
      Peak Allocated Bytes 456 B
      Overflow Count 0
    [ALLOC_TEMP_Job.Worker 14]
      Initial Block Size 256.0 KB
      Current Block Size 256.0 KB
      Peak Allocated Bytes 10.7 KB
      Overflow Count 0
    [ALLOC_TEMP_Job.Worker 3]
      Initial Block Size 256.0 KB
      Current Block Size 256.0 KB
      Peak Allocated Bytes 10.7 KB
      Overflow Count 0
    [ALLOC_TEMP_Background Job.Worker 5]
      Initial Block Size 32.0 KB
      Current Block Size 32.0 KB
      Peak Allocated Bytes 54 B
      Overflow Count 0
    [ALLOC_TEMP_Background Job.Worker 13]
      Initial Block Size 32.0 KB
      Current Block Size 32.0 KB
      Peak Allocated Bytes 54 B
      Overflow Count 0
    [ALLOC_TEMP_Job.Worker 2]
      Initial Block Size 256.0 KB
      Current Block Size 256.0 KB
      Peak Allocated Bytes 11.4 KB
      Overflow Count 0
    [ALLOC_TEMP_HIDInput]
      Initial Block Size 64.0 KB
      Current Block Size 64.0 KB
      Peak Allocated Bytes 11.8 KB
      Overflow Count 0
    [ALLOC_TEMP_Job.Worker 11]
      Initial Block Size 256.0 KB
      Current Block Size 256.0 KB
      Peak Allocated Bytes 10.7 KB
      Overflow Count 0
    [ALLOC_TEMP_Job.Worker 0]
      Initial Block Size 256.0 KB
      Current Block Size 256.0 KB
      Peak Allocated Bytes 10.7 KB
      Overflow Count 0
    [ALLOC_TEMP_Job.Worker 5]
      Initial Block Size 256.0 KB
      Current Block Size 256.0 KB
      Peak Allocated Bytes 10.7 KB
      Overflow Count 0
    [ALLOC_TEMP_Job.Worker 6]
      Initial Block Size 256.0 KB
      Current Block Size 256.0 KB
      Peak Allocated Bytes 10.7 KB
      Overflow Count 0
    [ALLOC_TEMP_EnlightenWorker] x 8
      Initial Block Size 64.0 KB
      Current Block Size 64.0 KB
      Peak Allocated Bytes 54 B
      Overflow Count 0
    [ALLOC_TEMP_Job.Worker 9]
      Initial Block Size 256.0 KB
      Current Block Size 256.0 KB
      Peak Allocated Bytes 10.7 KB
      Overflow Count 0
    [ALLOC_TEMP_Background Job.Worker 9]
      Initial Block Size 32.0 KB
      Current Block Size 32.0 KB
      Peak Allocated Bytes 54 B
      Overflow Count 0
    [ALLOC_TEMP_Loading.AsyncRead]
      Initial Block Size 64.0 KB
      Current Block Size 64.0 KB
      Peak Allocated Bytes 336 B
      Overflow Count 0
    [ALLOC_TEMP_Background Job.Worker 10]
      Initial Block Size 32.0 KB
      Current Block Size 32.0 KB
      Peak Allocated Bytes 54 B
      Overflow Count 0
    [ALLOC_TEMP_Background Job.Worker 6]
      Initial Block Size 32.0 KB
      Current Block Size 32.0 KB
      Peak Allocated Bytes 54 B
      Overflow Count 0
    [ALLOC_TEMP_AUDIO_FMOD (WASAPI) feeder thread]
      Initial Block Size 64.0 KB
      Current Block Size 64.0 KB
      Peak Allocated Bytes 168 B
      Overflow Count 0
    [ALLOC_TEMP_Background Job.Worker 1]
      Initial Block Size 32.0 KB
      Current Block Size 32.0 KB
      Peak Allocated Bytes 54 B
      Overflow Count 0
    [ALLOC_TEMP_AUDIO_FMOD stream thread]
      Initial Block Size 64.0 KB
      Current Block Size 64.0 KB
      Peak Allocated Bytes 54 B
      Overflow Count 0
    [ALLOC_TEMP_Background Job.Worker 15]
      Initial Block Size 32.0 KB
      Current Block Size 32.0 KB
      Peak Allocated Bytes 54 B
      Overflow Count 0
    [ALLOC_TEMP_Background Job.Worker 7]
      Initial Block Size 32.0 KB
      Current Block Size 32.0 KB
      Peak Allocated Bytes 54 B
      Overflow Count 0
    [ALLOC_TEMP_Job.Worker 8]
      Initial Block Size 256.0 KB
      Current Block Size 256.0 KB
      Peak Allocated Bytes 10.7 KB
      Overflow Count 0
    [ALLOC_TEMP_Job.Worker 1]
      Initial Block Size 256.0 KB
      Current Block Size 256.0 KB
      Peak Allocated Bytes 10.7 KB
      Overflow Count 0
    [ALLOC_TEMP_Background Job.Worker 12]
      Initial Block Size 32.0 KB
      Current Block Size 32.0 KB
      Peak Allocated Bytes 54 B
      Overflow Count 0
    [ALLOC_TEMP_AssetGarbageCollectorHelper] x 15
      Initial Block Size 64.0 KB
      Current Block Size 64.0 KB
      Peak Allocated Bytes 138 B
      Overflow Count 0
    [ALLOC_TEMP_Background Job.Worker 0]
      Initial Block Size 32.0 KB
      Current Block Size 32.0 KB
      Peak Allocated Bytes 54 B
      Overflow Count 0
    [ALLOC_TEMP_Background Job.Worker 4]
      Initial Block Size 32.0 KB
      Current Block Size 32.0 KB
      Peak Allocated Bytes 54 B
      Overflow Count 0
    [ALLOC_TEMP_Background Job.Worker 14]
      Initial Block Size 32.0 KB
      Current Block Size 32.0 KB
      Peak Allocated Bytes 54 B
      Overflow Count 0
    [ALLOC_TEMP_UnityGfxDeviceWorker]
      Initial Block Size 256.0 KB
      Current Block Size 256.0 KB
      Peak Allocated Bytes 176.2 KB
      Overflow Count 0
    [ALLOC_TEMP_Job.Worker 7]
      Initial Block Size 256.0 KB
      Current Block Size 256.0 KB
      Peak Allocated Bytes 10.7 KB
      Overflow Count 0
    [ALLOC_TEMP_CloudJob.Worker 0]
      Initial Block Size 32.0 KB
      Current Block Size 32.0 KB
      Peak Allocated Bytes 3.4 KB
      Overflow Count 0
[ALLOC_MEMORYPROFILER]
  Peak usage frame count: [64.0 KB-128.0 KB]: 2557 frames
  Requested Block Size 1.0 MB
  Peak Block count 1
  Peak Allocated memory 104.6 KB
  Peak Large allocation bytes 0 B
[ALLOC_DEFAULT] Dual Thread Allocator
  Peak main deferred allocation count 212
    [ALLOC_BUCKET]
      Large Block size 4.0 MB
      Used Block count 1
      Peak Allocated bytes 1.1 MB
    [ALLOC_DEFAULT_MAIN]
      Peak usage frame count: [16.0 MB-32.0 MB]: 613 frames, [32.0 MB-64.0 MB]: 1944 frames
      Requested Block Size 16.0 MB
      Peak Block count 2
      Peak Allocated memory 36.5 MB
      Peak Large allocation bytes 8.0 MB
    [ALLOC_DEFAULT_THREAD]
      Peak usage frame count: [16.0 MB-32.0 MB]: 2557 frames
      Requested Block Size 16.0 MB
      Peak Block count 1
      Peak Allocated memory 27.2 MB
      Peak Large allocation bytes 16.0 MB
[ALLOC_TEMP_JOB_1_FRAME]
  Initial Block Size 2.0 MB
  Used Block Count 0
  Overflow Count (too large) 0
  Overflow Count (full) 0
[ALLOC_TEMP_JOB_2_FRAMES]
  Initial Block Size 2.0 MB
  Used Block Count 0
  Overflow Count (too large) 0
  Overflow Count (full) 0
[ALLOC_TEMP_JOB_4_FRAMES (JobTemp)]
  Initial Block Size 2.0 MB
  Used Block Count 1
  Overflow Count (too large) 0
  Overflow Count (full) 0
[ALLOC_TEMP_JOB_ASYNC (Background)]
  Initial Block Size 1.0 MB
  Used Block Count 1
  Overflow Count (too large) 0
  Overflow Count (full) 0
[ALLOC_GFX] Dual Thread Allocator
  Peak main deferred allocation count 1
    [ALLOC_BUCKET]
      Large Block size 4.0 MB
      Used Block count 1
      Peak Allocated bytes 1.1 MB
    [ALLOC_GFX_MAIN]
      Peak usage frame count: [0.5 MB-1.0 MB]: 2557 frames
      Requested Block Size 16.0 MB
      Peak Block count 1
      Peak Allocated memory 0.8 MB
      Peak Large allocation bytes 0 B
    [ALLOC_GFX_THREAD]
      Peak usage frame count: [0.5 MB-1.0 MB]: 2557 frames
      Requested Block Size 16.0 MB
      Peak Block count 1
      Peak Allocated memory 0.8 MB
      Peak Large allocation bytes 0 B
[ALLOC_CACHEOBJECTS] Dual Thread Allocator
  Peak main deferred allocation count 2
    [ALLOC_BUCKET]
      Large Block size 4.0 MB
      Used Block count 1
      Peak Allocated bytes 1.1 MB
    [ALLOC_CACHEOBJECTS_MAIN]
      Peak usage frame count: [1.0 MB-2.0 MB]: 2557 frames
      Requested Block Size 4.0 MB
      Peak Block count 1
      Peak Allocated memory 1.6 MB
      Peak Large allocation bytes 0 B
    [ALLOC_CACHEOBJECTS_THREAD]
      Peak usage frame count: [2.0 MB-4.0 MB]: 2556 frames, [4.0 MB-8.0 MB]: 1 frames
      Requested Block Size 4.0 MB
      Peak Block count 2
      Peak Allocated memory 4.7 MB
      Peak Large allocation bytes 0 B
[ALLOC_TYPETREE] Dual Thread Allocator
  Peak main deferred allocation count 0
    [ALLOC_BUCKET]
      Large Block size 4.0 MB
      Used Block count 1
      Peak Allocated bytes 1.1 MB
    [ALLOC_TYPETREE_MAIN]
      Peak usage frame count: [8.0 KB-16.0 KB]: 2557 frames
      Requested Block Size 2.0 MB
      Peak Block count 1
      Peak Allocated memory 10.1 KB
      Peak Large allocation bytes 0 B
    [ALLOC_TYPETREE_THREAD]
      Peak usage frame count: [8.0 KB-16.0 KB]: 2557 frames
      Requested Block Size 2.0 MB
      Peak Block count 1
      Peak Allocated memory 12.1 KB
      Peak Large allocation bytes 0 B
[ALLOC_PROFILER]
  Peak usage frame count: [256.0 KB-0.5 MB]: 2556 frames, [32.0 MB-64.0 MB]: 1 frames
  Requested Block Size 16.0 MB
  Peak Block count 3
  Peak Allocated memory 33.3 MB
  Peak Large allocation bytes 0 B
    [ALLOC_PROFILER_BUCKET]
      Large Block size 4.0 MB
      Used Block count 1
      Peak Allocated bytes 66.0 KB
##utp:{"type":"MemoryLeaks","version":2,"phase":"Immediate","time":1777927848737,"processId":33508,"allocatedMemory":5420825,"memoryLabels":[{"Default":-128},{"NewDelete":400},{"Thread":576},{"Manager":548677},{"GfxDevice":72},{"GfxThread":2816},{"Physics2D":625408},{"Serialization":508},{"JobScheduler":37320},{"String":177},{"HashMap":3840},{"PoolAlloc":280},{"WebRequest":4095},{"VR":1784},{"NativeArray":4194776},{"Subsystems":96},{"CoreBusinessMetrics":128}]}
