Mono path[0] = 'C:/Users/polca/Desktop/MarcoPolo/Builds/Smoke/MarcoPoloSmoke/MarcoPoloSmoke_Data/Managed'
Mono config path = 'C:/Users/polca/Desktop/MarcoPolo/Builds/Smoke/MarcoPoloSmoke/MonoBleedingEdge/etc'
Found 5 interfaces on host : 0) 192.168.56.1 1) 26.234.30.190 2) 172.27.144.1 3) 172.29.48.1 4) 192.168.100.61
Player connection [14220]  Target information:

Player connection [14220]  * "[IP] 192.168.56.1 [Port] 55016 [Flags] 2 [Guid] 2183323782 [EditorId] 2364427601 [Version] 1048832 [Id] WindowsPlayer(2,Peke) [Debug] 0 [PackageName] WindowsPlayer [ProjectName] MarcoPolo" 

Player connection [14220]  * "[IP] 26.234.30.190 [Port] 55016 [Flags] 2 [Guid] 2183323782 [EditorId] 2364427601 [Version] 1048832 [Id] WindowsPlayer(2,Peke) [Debug] 0 [PackageName] WindowsPlayer [ProjectName] MarcoPolo" 

Player connection [14220]  * "[IP] 172.27.144.1 [Port] 55016 [Flags] 2 [Guid] 2183323782 [EditorId] 2364427601 [Version] 1048832 [Id] WindowsPlayer(2,Peke) [Debug] 0 [PackageName] WindowsPlayer [ProjectName] MarcoPolo" 

Player connection [14220]  * "[IP] 172.29.48.1 [Port] 55016 [Flags] 2 [Guid] 2183323782 [EditorId] 2364427601 [Version] 1048832 [Id] WindowsPlayer(2,Peke) [Debug] 0 [PackageName] WindowsPlayer [ProjectName] MarcoPolo" 

Player connection [14220]  * "[IP] 192.168.100.61 [Port] 55016 [Flags] 2 [Guid] 2183323782 [EditorId] 2364427601 [Version] 1048832 [Id] WindowsPlayer(2,Peke) [Debug] 0 [PackageName] WindowsPlayer [ProjectName] MarcoPolo" 

Player connection [14220] Started UDP target info broadcast (1) on [225.0.0.222:54997].

Input System module state changed to: Initialized.
[PhysX] Initialized MultithreadedTaskDispatcher with 16 workers.
Initialize engine version: 2022.3.62f1 (4af31df58517)
[Subsystems] Discovering subsystems at path C:/Users/polca/Desktop/MarcoPolo/Builds/Smoke/MarcoPoloSmoke/MarcoPoloSmoke_Data/UnitySubsystems
GfxDevice: creating device client; threaded=1; jobified=1
Direct3D:
    Version:  Direct3D 11.0 [level 11.1]
    Renderer: NVIDIA GeForce RTX 4060 Laptop GPU (ID=0x28a0)
    Vendor:   NVIDIA
    VRAM:     7956 MB
    Driver:   32.0.15.9571
Begin MonoManager ReloadAssembly
- Loaded All Assemblies, in  0.305 seconds
- Finished resetting the current domain, in  0.005 seconds
<RI> Initializing input.
Using Windows.Gaming.Input
<RI> Input initialized.
<RI> Initialized touch support.
[PhysX] Initialized MultithreadedTaskDispatcher with 16 workers.
UnloadTime: 1.392000 ms
[Session] No NetworkManager found in first loaded scene. Created runtime fallback NetworkManager.
UnityEngine.StackTraceUtility:ExtractStackTrace () (at C:/build/output/unity/unity/Runtime/Export/Scripting/StackTrace.cs:37)
UnityEngine.DebugLogHandler:LogFormat (UnityEngine.LogType,UnityEngine.Object,string,object[])
UnityEngine.Logger:Log (UnityEngine.LogType,object)
UnityEngine.Debug:LogWarning (object)
FrentePartido.Networking.NetworkSessionManager:EnsureInstance () (at C:/Users/polca/Desktop/MarcoPolo/Assets/Scripts/Networking/NetworkSessionManager.cs:50)

(Filename: C:/Users/polca/Desktop/MarcoPolo/Assets/Scripts/Networking/NetworkSessionManager.cs Line: 50)

[LanSmoke] role=client listening=False connected=0 spawned=0
UnityEngine.StackTraceUtility:ExtractStackTrace () (at C:/build/output/unity/unity/Runtime/Export/Scripting/StackTrace.cs:37)
UnityEngine.DebugLogHandler:LogFormat (UnityEngine.LogType,UnityEngine.Object,string,object[])
UnityEngine.Logger:Log (UnityEngine.LogType,object)
UnityEngine.Debug:Log (object)
FrentePartido.Networking.LanSmokeBootstrap/Runner:Update () (at C:/Users/polca/Desktop/MarcoPolo/Assets/Scripts/Networking/LanSmokeBootstrap.cs:102)

(Filename: C:/Users/polca/Desktop/MarcoPolo/Assets/Scripts/Networking/LanSmokeBootstrap.cs Line: 102)

[LanSmoke] Registered player prefab.
UnityEngine.StackTraceUtility:ExtractStackTrace () (at C:/build/output/unity/unity/Runtime/Export/Scripting/StackTrace.cs:37)
UnityEngine.DebugLogHandler:LogFormat (UnityEngine.LogType,UnityEngine.Object,string,object[])
UnityEngine.Logger:Log (UnityEngine.LogType,object)
UnityEngine.Debug:Log (object)
FrentePartido.Networking.LanSmokeBootstrap/Runner:RegisterPlayerPrefab (Unity.Netcode.NetworkManager) (at C:/Users/polca/Desktop/MarcoPolo/Assets/Scripts/Networking/LanSmokeBootstrap.cs:208)
FrentePartido.Networking.LanSmokeBootstrap/Runner/<Start>d__2:MoveNext () (at C:/Users/polca/Desktop/MarcoPolo/Assets/Scripts/Networking/LanSmokeBootstrap.cs:70)
UnityEngine.SetupCoroutine:InvokeMoveNext (System.Collections.IEnumerator,intptr) (at C:/build/output/unity/unity/Runtime/Export/Scripting/Coroutines.cs:17)

(Filename: C:/Users/polca/Desktop/MarcoPolo/Assets/Scripts/Networking/LanSmokeBootstrap.cs Line: 208)

[LanSmoke] Start client addr=127.0.0.1 port=7792 ok=True
UnityEngine.StackTraceUtility:ExtractStackTrace () (at C:/build/output/unity/unity/Runtime/Export/Scripting/StackTrace.cs:37)
UnityEngine.DebugLogHandler:LogFormat (UnityEngine.LogType,UnityEngine.Object,string,object[])
UnityEngine.Logger:Log (UnityEngine.LogType,object)
UnityEngine.Debug:Log (object)
FrentePartido.Networking.LanSmokeBootstrap/Runner/<Start>d__2:MoveNext () (at C:/Users/polca/Desktop/MarcoPolo/Assets/Scripts/Networking/LanSmokeBootstrap.cs:73)
UnityEngine.SetupCoroutine:InvokeMoveNext (System.Collections.IEnumerator,intptr) (at C:/build/output/unity/unity/Runtime/Export/Scripting/Coroutines.cs:17)

(Filename: C:/Users/polca/Desktop/MarcoPolo/Assets/Scripts/Networking/LanSmokeBootstrap.cs Line: 73)

[GameState] Spawned. IsServer: False, MatchState: WaitingForPlayers
UnityEngine.StackTraceUtility:ExtractStackTrace () (at C:/build/output/unity/unity/Runtime/Export/Scripting/StackTrace.cs:37)
UnityEngine.DebugLogHandler:LogFormat (UnityEngine.LogType,UnityEngine.Object,string,object[])
UnityEngine.Logger:Log (UnityEngine.LogType,object)
UnityEngine.Debug:Log (object)
FrentePartido.Networking.NetworkGameState:OnNetworkSpawn () (at C:/Users/polca/Desktop/MarcoPolo/Assets/Scripts/Networking/NetworkGameState.cs:109)
Unity.Netcode.NetworkBehaviour:VisibleOnNetworkSpawn () (at ./Library/PackageCache/com.unity.netcode.gameobjects@1.11.0/Runtime/Core/NetworkBehaviour.cs:693)
Unity.Netcode.NetworkObject:InvokeBehaviourNetworkSpawn () (at ./Library/PackageCache/com.unity.netcode.gameobjects@1.11.0/Runtime/Core/NetworkObject.cs:1395)
Unity.Netcode.NetworkSpawnManager:SpawnNetworkObjectLocallyCommon (Unity.Netcode.NetworkObject,ulong,bool,bool,ulong,bool) (at ./Library/PackageCache/com.unity.netcode.gameobjects@1.11.0/Runtime/Spawning/NetworkSpawnManager.cs:752)
Unity.Netcode.NetworkSpawnManager:SpawnNetworkObjectLocally (Unity.Netcode.NetworkObject,Unity.Netcode.NetworkObject/SceneObject&,bool) (at ./Library/PackageCache/com.unity.netcode.gameobjects@1.11.0/Runtime/Spawning/NetworkSpawnManager.cs:668)
Unity.Netcode.NetworkObject:AddSceneObject (Unity.Netcode.NetworkObject/SceneObject&,Unity.Netcode.FastBufferReader,Unity.Netcode.NetworkManager) (at ./Library/PackageCache/com.unity.netcode.gameobjects@1.11.0/Runtime/Core/NetworkObject.cs:1946)
Unity.Netcode.SceneEventData:SynchronizeSceneNetworkObjects (Unity.Netcode.NetworkManager) (at ./Library/PackageCache/com.unity.netcode.gameobjects@1.11.0/Runtime/SceneManagement/SceneEventData.cs:986)
Unity.Netcode.NetworkSceneManager:HandleClientSceneEvent (uint) (at ./Library/PackageCache/com.unity.netcode.gameobjects@1.11.0/Runtime/SceneManagement/NetworkSceneManager.cs:2117)
Unity.Netcode.NetworkSceneManager:ClientLoadedSynchronization (uint) (at ./Library/PackageCache/com.unity.netcode.gameobjects@1.11.0/Runtime/SceneManagement/NetworkSceneManager.cs:2013)
Unity.Netcode.NetworkSceneManager:OnClientBeginSync (uint) (at ./Library/PackageCache/com.unity.netcode.gameobjects@1.11.0/Runtime/SceneManagement/NetworkSceneManager.cs:1941)
Unity.Netcode.NetworkSceneManager:HandleClientSceneEvent (uint) (at ./Library/PackageCache/com.unity.netcode.gameobjects@1.11.0/Runtime/SceneManagement/NetworkSceneManager.cs:2099)
Unity.Netcode.NetworkSceneManager:HandleSceneEvent (ulong,Unity.Netcode.FastBufferReader) (at ./Library/PackageCache/com.unity.netcode.gameobjects@1.11.0/Runtime/SceneManagement/NetworkSceneManager.cs:2351)
Unity.Netcode.SceneEventMessage:Handle (Unity.Netcode.NetworkContext&) (at ./Library/PackageCache/com.unity.netcode.gameobjects@1.11.0/Runtime/Messaging/Messages/SceneEventMessage.cs:26)
Unity.Netcode.NetworkMessageManager:ReceiveMessage<Unity.Netcode.SceneEventMessage> (Unity.Netcode.FastBufferReader,Unity.Netcode.NetworkContext&,Unity.Netcode.NetworkMessageManager) (at ./Library/PackageCache/com.unity.netcode.gameobjects@1.11.0/Runtime/Messaging/NetworkMessageManager.cs:582)
Unity.Netcode.NetworkMessageManager:HandleMessage (Unity.Netcode.NetworkMessageHeader&,Unity.Netcode.FastBufferReader,ulong,single,int) (at ./Library/PackageCache/com.unity.netcode.gameobjects@1.11.0/Runtime/Messaging/NetworkMessageManager.cs:446)
Unity.Netcode.NetworkMessageManager:ProcessIncomingMessageQueue () (at ./Library/PackageCache/com.unity.netcode.gameobjects@1.11.0/Runtime/Messaging/NetworkMessageManager.cs:472)
Unity.Netcode.NetworkManager:NetworkUpdate (Unity.Netcode.NetworkUpdateStage) (at ./Library/PackageCache/com.unity.netcode.gameobjects@1.11.0/Runtime/Core/NetworkManager.cs:49)
Unity.Netcode.NetworkUpdateLoop:RunNetworkUpdateStage (Unity.Netcode.NetworkUpdateStage) (at ./Library/PackageCache/com.unity.netcode.gameobjects@1.11.0/Runtime/Core/NetworkUpdateLoop.cs:192)
Unity.Netcode.NetworkUpdateLoop/NetworkEarlyUpdate/<>c:<CreateLoopSystem>b__0_0 () (at ./Library/PackageCache/com.unity.netcode.gameobjects@1.11.0/Runtime/Core/NetworkUpdateLoop.cs:215)

(Filename: C:/Users/polca/Desktop/MarcoPolo/Assets/Scripts/Networking/NetworkGameState.cs Line: 109)

[Session] Client connected: 1
UnityEngine.StackTraceUtility:ExtractStackTrace () (at C:/build/output/unity/unity/Runtime/Export/Scripting/StackTrace.cs:37)
UnityEngine.DebugLogHandler:LogFormat (UnityEngine.LogType,UnityEngine.Object,string,object[])
UnityEngine.Logger:Log (UnityEngine.LogType,object)
UnityEngine.Debug:Log (object)
FrentePartido.Networking.NetworkSessionManager:HandleClientConnected (ulong) (at C:/Users/polca/Desktop/MarcoPolo/Assets/Scripts/Networking/NetworkSessionManager.cs:305)
Unity.Netcode.NetworkConnectionManager:InvokeOnClientConnectedCallback (ulong) (at ./Library/PackageCache/com.unity.netcode.gameobjects@1.11.0/Runtime/Connection/NetworkConnectionManager.cs:87)
Unity.Netcode.NetworkSceneManager:HandleClientSceneEvent (uint) (at ./Library/PackageCache/com.unity.netcode.gameobjects@1.11.0/Runtime/SceneManagement/NetworkSceneManager.cs:2132)
Unity.Netcode.NetworkSceneManager:ClientLoadedSynchronization (uint) (at ./Library/PackageCache/com.unity.netcode.gameobjects@1.11.0/Runtime/SceneManagement/NetworkSceneManager.cs:2013)
Unity.Netcode.NetworkSceneManager:OnClientBeginSync (uint) (at ./Library/PackageCache/com.unity.netcode.gameobjects@1.11.0/Runtime/SceneManagement/NetworkSceneManager.cs:1941)
Unity.Netcode.NetworkSceneManager:HandleClientSceneEvent (uint) (at ./Library/PackageCache/com.unity.netcode.gameobjects@1.11.0/Runtime/SceneManagement/NetworkSceneManager.cs:2099)
Unity.Netcode.NetworkSceneManager:HandleSceneEvent (ulong,Unity.Netcode.FastBufferReader) (at ./Library/PackageCache/com.unity.netcode.gameobjects@1.11.0/Runtime/SceneManagement/NetworkSceneManager.cs:2351)
Unity.Netcode.SceneEventMessage:Handle (Unity.Netcode.NetworkContext&) (at ./Library/PackageCache/com.unity.netcode.gameobjects@1.11.0/Runtime/Messaging/Messages/SceneEventMessage.cs:26)
Unity.Netcode.NetworkMessageManager:ReceiveMessage<Unity.Netcode.SceneEventMessage> (Unity.Netcode.FastBufferReader,Unity.Netcode.NetworkContext&,Unity.Netcode.NetworkMessageManager) (at ./Library/PackageCache/com.unity.netcode.gameobjects@1.11.0/Runtime/Messaging/NetworkMessageManager.cs:582)
Unity.Netcode.NetworkMessageManager:HandleMessage (Unity.Netcode.NetworkMessageHeader&,Unity.Netcode.FastBufferReader,ulong,single,int) (at ./Library/PackageCache/com.unity.netcode.gameobjects@1.11.0/Runtime/Messaging/NetworkMessageManager.cs:446)
Unity.Netcode.NetworkMessageManager:ProcessIncomingMessageQueue () (at ./Library/PackageCache/com.unity.netcode.gameobjects@1.11.0/Runtime/Messaging/NetworkMessageManager.cs:472)
Unity.Netcode.NetworkManager:NetworkUpdate (Unity.Netcode.NetworkUpdateStage) (at ./Library/PackageCache/com.unity.netcode.gameobjects@1.11.0/Runtime/Core/NetworkManager.cs:49)
Unity.Netcode.NetworkUpdateLoop:RunNetworkUpdateStage (Unity.Netcode.NetworkUpdateStage) (at ./Library/PackageCache/com.unity.netcode.gameobjects@1.11.0/Runtime/Core/NetworkUpdateLoop.cs:192)
Unity.Netcode.NetworkUpdateLoop/NetworkEarlyUpdate/<>c:<CreateLoopSystem>b__0_0 () (at ./Library/PackageCache/com.unity.netcode.gameobjects@1.11.0/Runtime/Core/NetworkUpdateLoop.cs:215)

(Filename: C:/Users/polca/Desktop/MarcoPolo/Assets/Scripts/Networking/NetworkSessionManager.cs Line: 305)

[Round] Round 1 starting
UnityEngine.StackTraceUtility:ExtractStackTrace () (at C:/build/output/unity/unity/Runtime/Export/Scripting/StackTrace.cs:37)
UnityEngine.DebugLogHandler:LogFormat (UnityEngine.LogType,UnityEngine.Object,string,object[])
UnityEngine.Logger:Log (UnityEngine.LogType,object)
UnityEngine.Debug:Log (object)
FrentePartido.Match.RoundManager:AnnounceRoundClientRpc (byte) (at C:/Users/polca/Desktop/MarcoPolo/Assets/Scripts/Match/RoundManager.cs:201)
FrentePartido.Match.RoundManager:__rpc_handler_3507285572 (Unity.Netcode.NetworkBehaviour,Unity.Netcode.FastBufferReader,Unity.Netcode.__RpcParams)
Unity.Netcode.RpcMessageHelpers:Handle (Unity.Netcode.NetworkContext&,Unity.Netcode.RpcMetadata&,Unity.Netcode.FastBufferReader&,Unity.Netcode.__RpcParams&) (at ./Library/PackageCache/com.unity.netcode.gameobjects@1.11.0/Runtime/Messaging/Messages/RpcMessages.cs:70)
Unity.Netcode.ClientRpcMessage:Handle (Unity.Netcode.NetworkContext&) (at ./Library/PackageCache/com.unity.netcode.gameobjects@1.11.0/Runtime/Messaging/Messages/RpcMessages.cs:159)
Unity.Netcode.NetworkMessageManager:ReceiveMessage<Unity.Netcode.ClientRpcMessage> (Unity.Netcode.FastBufferReader,Unity.Netcode.NetworkContext&,Unity.Netcode.NetworkMessageManager) (at ./Library/PackageCache/com.unity.netcode.gameobjects@1.11.0/Runtime/Messaging/NetworkMessageManager.cs:582)
Unity.Netcode.NetworkMessageManager:HandleMessage (Unity.Netcode.NetworkMessageHeader&,Unity.Netcode.FastBufferReader,ulong,single,int) (at ./Library/PackageCache/com.unity.netcode.gameobjects@1.11.0/Runtime/Messaging/NetworkMessageManager.cs:446)
Unity.Netcode.NetworkMessageManager:ProcessIncomingMessageQueue () (at ./Library/PackageCache/com.unity.netcode.gameobjects@1.11.0/Runtime/Messaging/NetworkMessageManager.cs:472)
Unity.Netcode.NetworkManager:NetworkUpdate (Unity.Netcode.NetworkUpdateStage) (at ./Library/PackageCache/com.unity.netcode.gameobjects@1.11.0/Runtime/Core/NetworkManager.cs:49)
Unity.Netcode.NetworkUpdateLoop:RunNetworkUpdateStage (Unity.Netcode.NetworkUpdateStage) (at ./Library/PackageCache/com.unity.netcode.gameobjects@1.11.0/Runtime/Core/NetworkUpdateLoop.cs:192)
Unity.Netcode.NetworkUpdateLoop/NetworkEarlyUpdate/<>c:<CreateLoopSystem>b__0_0 () (at ./Library/PackageCache/com.unity.netcode.gameobjects@1.11.0/Runtime/Core/NetworkUpdateLoop.cs:215)

(Filename: C:/Users/polca/Desktop/MarcoPolo/Assets/Scripts/Match/RoundManager.cs Line: 201)

[LanSmoke] role=client listening=True connected=2 spawned=3
UnityEngine.StackTraceUtility:ExtractStackTrace () (at C:/build/output/unity/unity/Runtime/Export/Scripting/StackTrace.cs:37)
UnityEngine.DebugLogHandler:LogFormat (UnityEngine.LogType,UnityEngine.Object,string,object[])
UnityEngine.Logger:Log (UnityEngine.LogType,object)
UnityEngine.Debug:Log (object)
FrentePartido.Networking.LanSmokeBootstrap/Runner:Update () (at C:/Users/polca/Desktop/MarcoPolo/Assets/Scripts/Networking/LanSmokeBootstrap.cs:102)

(Filename: C:/Users/polca/Desktop/MarcoPolo/Assets/Scripts/Networking/LanSmokeBootstrap.cs Line: 102)

[LanSmoke] role=client listening=True connected=2 spawned=3
UnityEngine.StackTraceUtility:ExtractStackTrace () (at C:/build/output/unity/unity/Runtime/Export/Scripting/StackTrace.cs:37)
UnityEngine.DebugLogHandler:LogFormat (UnityEngine.LogType,UnityEngine.Object,string,object[])
UnityEngine.Logger:Log (UnityEngine.LogType,object)
UnityEngine.Debug:Log (object)
FrentePartido.Networking.LanSmokeBootstrap/Runner:Update () (at C:/Users/polca/Desktop/MarcoPolo/Assets/Scripts/Networking/LanSmokeBootstrap.cs:102)

(Filename: C:/Users/polca/Desktop/MarcoPolo/Assets/Scripts/Networking/LanSmokeBootstrap.cs Line: 102)

[LanSmoke] role=client listening=True connected=2 spawned=3
UnityEngine.StackTraceUtility:ExtractStackTrace () (at C:/build/output/unity/unity/Runtime/Export/Scripting/StackTrace.cs:37)
UnityEngine.DebugLogHandler:LogFormat (UnityEngine.LogType,UnityEngine.Object,string,object[])
UnityEngine.Logger:Log (UnityEngine.LogType,object)
UnityEngine.Debug:Log (object)
FrentePartido.Networking.LanSmokeBootstrap/Runner:Update () (at C:/Users/polca/Desktop/MarcoPolo/Assets/Scripts/Networking/LanSmokeBootstrap.cs:102)

(Filename: C:/Users/polca/Desktop/MarcoPolo/Assets/Scripts/Networking/LanSmokeBootstrap.cs Line: 102)

[LanSmoke] role=client listening=True connected=2 spawned=3
UnityEngine.StackTraceUtility:ExtractStackTrace () (at C:/build/output/unity/unity/Runtime/Export/Scripting/StackTrace.cs:37)
UnityEngine.DebugLogHandler:LogFormat (UnityEngine.LogType,UnityEngine.Object,string,object[])
UnityEngine.Logger:Log (UnityEngine.LogType,object)
UnityEngine.Debug:Log (object)
FrentePartido.Networking.LanSmokeBootstrap/Runner:Update () (at C:/Users/polca/Desktop/MarcoPolo/Assets/Scripts/Networking/LanSmokeBootstrap.cs:102)

(Filename: C:/Users/polca/Desktop/MarcoPolo/Assets/Scripts/Networking/LanSmokeBootstrap.cs Line: 102)

[LanSmoke] role=client listening=True connected=2 spawned=3
UnityEngine.StackTraceUtility:ExtractStackTrace () (at C:/build/output/unity/unity/Runtime/Export/Scripting/StackTrace.cs:37)
UnityEngine.DebugLogHandler:LogFormat (UnityEngine.LogType,UnityEngine.Object,string,object[])
UnityEngine.Logger:Log (UnityEngine.LogType,object)
UnityEngine.Debug:Log (object)
FrentePartido.Networking.LanSmokeBootstrap/Runner:Update () (at C:/Users/polca/Desktop/MarcoPolo/Assets/Scripts/Networking/LanSmokeBootstrap.cs:102)

(Filename: C:/Users/polca/Desktop/MarcoPolo/Assets/Scripts/Networking/LanSmokeBootstrap.cs Line: 102)

[LanSmoke] role=client listening=True connected=2 spawned=3
UnityEngine.StackTraceUtility:ExtractStackTrace () (at C:/build/output/unity/unity/Runtime/Export/Scripting/StackTrace.cs:37)
UnityEngine.DebugLogHandler:LogFormat (UnityEngine.LogType,UnityEngine.Object,string,object[])
UnityEngine.Logger:Log (UnityEngine.LogType,object)
UnityEngine.Debug:Log (object)
FrentePartido.Networking.LanSmokeBootstrap/Runner:Update () (at C:/Users/polca/Desktop/MarcoPolo/Assets/Scripts/Networking/LanSmokeBootstrap.cs:102)

(Filename: C:/Users/polca/Desktop/MarcoPolo/Assets/Scripts/Networking/LanSmokeBootstrap.cs Line: 102)

[LanSmoke] role=client listening=True connected=2 spawned=3
UnityEngine.StackTraceUtility:ExtractStackTrace () (at C:/build/output/unity/unity/Runtime/Export/Scripting/StackTrace.cs:37)
UnityEngine.DebugLogHandler:LogFormat (UnityEngine.LogType,UnityEngine.Object,string,object[])
UnityEngine.Logger:Log (UnityEngine.LogType,object)
UnityEngine.Debug:Log (object)
FrentePartido.Networking.LanSmokeBootstrap/Runner:Update () (at C:/Users/polca/Desktop/MarcoPolo/Assets/Scripts/Networking/LanSmokeBootstrap.cs:102)

(Filename: C:/Users/polca/Desktop/MarcoPolo/Assets/Scripts/Networking/LanSmokeBootstrap.cs Line: 102)

[LanSmoke] role=client listening=True connected=2 spawned=3
UnityEngine.StackTraceUtility:ExtractStackTrace () (at C:/build/output/unity/unity/Runtime/Export/Scripting/StackTrace.cs:37)
UnityEngine.DebugLogHandler:LogFormat (UnityEngine.LogType,UnityEngine.Object,string,object[])
UnityEngine.Logger:Log (UnityEngine.LogType,object)
UnityEngine.Debug:Log (object)
FrentePartido.Networking.LanSmokeBootstrap/Runner:Update () (at C:/Users/polca/Desktop/MarcoPolo/Assets/Scripts/Networking/LanSmokeBootstrap.cs:102)

(Filename: C:/Users/polca/Desktop/MarcoPolo/Assets/Scripts/Networking/LanSmokeBootstrap.cs Line: 102)

[LanSmoke] role=client listening=True connected=2 spawned=3
UnityEngine.StackTraceUtility:ExtractStackTrace () (at C:/build/output/unity/unity/Runtime/Export/Scripting/StackTrace.cs:37)
UnityEngine.DebugLogHandler:LogFormat (UnityEngine.LogType,UnityEngine.Object,string,object[])
UnityEngine.Logger:Log (UnityEngine.LogType,object)
UnityEngine.Debug:Log (object)
FrentePartido.Networking.LanSmokeBootstrap/Runner:Update () (at C:/Users/polca/Desktop/MarcoPolo/Assets/Scripts/Networking/LanSmokeBootstrap.cs:102)

(Filename: C:/Users/polca/Desktop/MarcoPolo/Assets/Scripts/Networking/LanSmokeBootstrap.cs Line: 102)

[LanSmoke] role=client listening=True connected=2 spawned=3
UnityEngine.StackTraceUtility:ExtractStackTrace () (at C:/build/output/unity/unity/Runtime/Export/Scripting/StackTrace.cs:37)
UnityEngine.DebugLogHandler:LogFormat (UnityEngine.LogType,UnityEngine.Object,string,object[])
UnityEngine.Logger:Log (UnityEngine.LogType,object)
UnityEngine.Debug:Log (object)
FrentePartido.Networking.LanSmokeBootstrap/Runner:Update () (at C:/Users/polca/Desktop/MarcoPolo/Assets/Scripts/Networking/LanSmokeBootstrap.cs:102)

(Filename: C:/Users/polca/Desktop/MarcoPolo/Assets/Scripts/Networking/LanSmokeBootstrap.cs Line: 102)

[LanSmoke] role=client listening=True connected=2 spawned=3
UnityEngine.StackTraceUtility:ExtractStackTrace () (at C:/build/output/unity/unity/Runtime/Export/Scripting/StackTrace.cs:37)
UnityEngine.DebugLogHandler:LogFormat (UnityEngine.LogType,UnityEngine.Object,string,object[])
UnityEngine.Logger:Log (UnityEngine.LogType,object)
UnityEngine.Debug:Log (object)
FrentePartido.Networking.LanSmokeBootstrap/Runner:Update () (at C:/Users/polca/Desktop/MarcoPolo/Assets/Scripts/Networking/LanSmokeBootstrap.cs:102)

(Filename: C:/Users/polca/Desktop/MarcoPolo/Assets/Scripts/Networking/LanSmokeBootstrap.cs Line: 102)

[LanSmoke] role=client listening=True connected=2 spawned=3
UnityEngine.StackTraceUtility:ExtractStackTrace () (at C:/build/output/unity/unity/Runtime/Export/Scripting/StackTrace.cs:37)
UnityEngine.DebugLogHandler:LogFormat (UnityEngine.LogType,UnityEngine.Object,string,object[])
UnityEngine.Logger:Log (UnityEngine.LogType,object)
UnityEngine.Debug:Log (object)
FrentePartido.Networking.LanSmokeBootstrap/Runner:Update () (at C:/Users/polca/Desktop/MarcoPolo/Assets/Scripts/Networking/LanSmokeBootstrap.cs:102)

(Filename: C:/Users/polca/Desktop/MarcoPolo/Assets/Scripts/Networking/LanSmokeBootstrap.cs Line: 102)

[LanSmoke] role=client listening=True connected=2 spawned=3
UnityEngine.StackTraceUtility:ExtractStackTrace () (at C:/build/output/unity/unity/Runtime/Export/Scripting/StackTrace.cs:37)
UnityEngine.DebugLogHandler:LogFormat (UnityEngine.LogType,UnityEngine.Object,string,object[])
UnityEngine.Logger:Log (UnityEngine.LogType,object)
UnityEngine.Debug:Log (object)
FrentePartido.Networking.LanSmokeBootstrap/Runner:Update () (at C:/Users/polca/Desktop/MarcoPolo/Assets/Scripts/Networking/LanSmokeBootstrap.cs:102)

(Filename: C:/Users/polca/Desktop/MarcoPolo/Assets/Scripts/Networking/LanSmokeBootstrap.cs Line: 102)

[LanSmoke] role=client listening=True connected=2 spawned=3
UnityEngine.StackTraceUtility:ExtractStackTrace () (at C:/build/output/unity/unity/Runtime/Export/Scripting/StackTrace.cs:37)
UnityEngine.DebugLogHandler:LogFormat (UnityEngine.LogType,UnityEngine.Object,string,object[])
UnityEngine.Logger:Log (UnityEngine.LogType,object)
UnityEngine.Debug:Log (object)
FrentePartido.Networking.LanSmokeBootstrap/Runner:Update () (at C:/Users/polca/Desktop/MarcoPolo/Assets/Scripts/Networking/LanSmokeBootstrap.cs:102)

(Filename: C:/Users/polca/Desktop/MarcoPolo/Assets/Scripts/Networking/LanSmokeBootstrap.cs Line: 102)

[LanSmoke] Screenshot C:\Users\polca\Desktop\MarcoPolo\Builds\Smoke\polish2-client.png
UnityEngine.StackTraceUtility:ExtractStackTrace () (at C:/build/output/unity/unity/Runtime/Export/Scripting/StackTrace.cs:37)
UnityEngine.DebugLogHandler:LogFormat (UnityEngine.LogType,UnityEngine.Object,string,object[])
UnityEngine.Logger:Log (UnityEngine.LogType,object)
UnityEngine.Debug:Log (object)
FrentePartido.Networking.LanSmokeBootstrap/Runner/<CaptureAndQuit>d__4:MoveNext () (at C:/Users/polca/Desktop/MarcoPolo/Assets/Scripts/Networking/LanSmokeBootstrap.cs:115)
UnityEngine.SetupCoroutine:InvokeMoveNext (System.Collections.IEnumerator,intptr) (at C:/build/output/unity/unity/Runtime/Export/Scripting/Coroutines.cs:17)

(Filename: C:/Users/polca/Desktop/MarcoPolo/Assets/Scripts/Networking/LanSmokeBootstrap.cs Line: 115)

[Session] Client disconnected: 1
UnityEngine.StackTraceUtility:ExtractStackTrace () (at C:/build/output/unity/unity/Runtime/Export/Scripting/StackTrace.cs:37)
UnityEngine.DebugLogHandler:LogFormat (UnityEngine.LogType,UnityEngine.Object,string,object[])
UnityEngine.Logger:Log (UnityEngine.LogType,object)
UnityEngine.Debug:Log (object)
FrentePartido.Networking.NetworkSessionManager:HandleClientDisconnected (ulong) (at C:/Users/polca/Desktop/MarcoPolo/Assets/Scripts/Networking/NetworkSessionManager.cs:324)
Unity.Netcode.NetworkConnectionManager:InvokeOnClientDisconnectCallback (ulong) (at ./Library/PackageCache/com.unity.netcode.gameobjects@1.11.0/Runtime/Connection/NetworkConnectionManager.cs:140)
Unity.Netcode.NetworkConnectionManager:DisconnectEventHandler (ulong) (at ./Library/PackageCache/com.unity.netcode.gameobjects@1.11.0/Runtime/Connection/NetworkConnectionManager.cs:512)
Unity.Netcode.NetworkConnectionManager:HandleNetworkEvent (Unity.Netcode.NetworkEvent,ulong,System.ArraySegment`1<byte>,single) (at ./Library/PackageCache/com.unity.netcode.gameobjects@1.11.0/Runtime/Connection/NetworkConnectionManager.cs:396)
Unity.Netcode.NetworkTransport:InvokeOnTransportEvent (Unity.Netcode.NetworkEvent,ulong,System.ArraySegment`1<byte>,single) (at ./Library/PackageCache/com.unity.netcode.gameobjects@1.11.0/Runtime/Transports/NetworkTransport.cs:49)
Unity.Netcode.Transports.UTP.UnityTransport:DisconnectLocalClient () (at ./Library/PackageCache/com.unity.netcode.gameobjects@1.11.0/Runtime/Transports/UTP/UnityTransport.cs:1155)
Unity.Netcode.NetworkConnectionManager:Shutdown () (at ./Library/PackageCache/com.unity.netcode.gameobjects@1.11.0/Runtime/Connection/NetworkConnectionManager.cs:1169)
Unity.Netcode.NetworkManager:ShutdownInternal () (at ./Library/PackageCache/com.unity.netcode.gameobjects@1.11.0/Runtime/Core/NetworkManager.cs:1199)
Unity.Netcode.NetworkManager:OnDestroy () (at ./Library/PackageCache/com.unity.netcode.gameobjects@1.11.0/Runtime/Core/NetworkManager.cs:1273)
Unity.Netcode.NetworkManager:OnApplicationQuit () (at ./Library/PackageCache/com.unity.netcode.gameobjects@1.11.0/Runtime/Core/NetworkManager.cs:1267)

(Filename: C:/Users/polca/Desktop/MarcoPolo/Assets/Scripts/Networking/NetworkSessionManager.cs Line: 324)

[Session] Local client was disconnected from host.
UnityEngine.StackTraceUtility:ExtractStackTrace () (at C:/build/output/unity/unity/Runtime/Export/Scripting/StackTrace.cs:37)
UnityEngine.DebugLogHandler:LogFormat (UnityEngine.LogType,UnityEngine.Object,string,object[])
UnityEngine.Logger:Log (UnityEngine.LogType,object)
UnityEngine.Debug:LogWarning (object)
FrentePartido.Networking.NetworkSessionManager:HandleClientDisconnected (ulong) (at C:/Users/polca/Desktop/MarcoPolo/Assets/Scripts/Networking/NetworkSessionManager.cs:336)
Unity.Netcode.NetworkConnectionManager:InvokeOnClientDisconnectCallback (ulong) (at ./Library/PackageCache/com.unity.netcode.gameobjects@1.11.0/Runtime/Connection/NetworkConnectionManager.cs:140)
Unity.Netcode.NetworkConnectionManager:DisconnectEventHandler (ulong) (at ./Library/PackageCache/com.unity.netcode.gameobjects@1.11.0/Runtime/Connection/NetworkConnectionManager.cs:512)
Unity.Netcode.NetworkConnectionManager:HandleNetworkEvent (Unity.Netcode.NetworkEvent,ulong,System.ArraySegment`1<byte>,single) (at ./Library/PackageCache/com.unity.netcode.gameobjects@1.11.0/Runtime/Connection/NetworkConnectionManager.cs:396)
Unity.Netcode.NetworkTransport:InvokeOnTransportEvent (Unity.Netcode.NetworkEvent,ulong,System.ArraySegment`1<byte>,single) (at ./Library/PackageCache/com.unity.netcode.gameobjects@1.11.0/Runtime/Transports/NetworkTransport.cs:49)
Unity.Netcode.Transports.UTP.UnityTransport:DisconnectLocalClient () (at ./Library/PackageCache/com.unity.netcode.gameobjects@1.11.0/Runtime/Transports/UTP/UnityTransport.cs:1155)
Unity.Netcode.NetworkConnectionManager:Shutdown () (at ./Library/PackageCache/com.unity.netcode.gameobjects@1.11.0/Runtime/Connection/NetworkConnectionManager.cs:1169)
Unity.Netcode.NetworkManager:ShutdownInternal () (at ./Library/PackageCache/com.unity.netcode.gameobjects@1.11.0/Runtime/Core/NetworkManager.cs:1199)
Unity.Netcode.NetworkManager:OnDestroy () (at ./Library/PackageCache/com.unity.netcode.gameobjects@1.11.0/Runtime/Core/NetworkManager.cs:1273)
Unity.Netcode.NetworkManager:OnApplicationQuit () (at ./Library/PackageCache/com.unity.netcode.gameobjects@1.11.0/Runtime/Core/NetworkManager.cs:1267)

(Filename: C:/Users/polca/Desktop/MarcoPolo/Assets/Scripts/Networking/NetworkSessionManager.cs Line: 336)

[Session] Leaving session...
UnityEngine.StackTraceUtility:ExtractStackTrace () (at C:/build/output/unity/unity/Runtime/Export/Scripting/StackTrace.cs:37)
UnityEngine.DebugLogHandler:LogFormat (UnityEngine.LogType,UnityEngine.Object,string,object[])
UnityEngine.Logger:Log (UnityEngine.LogType,object)
UnityEngine.Debug:Log (object)
FrentePartido.Networking.NetworkSessionManager:LeaveSession () (at C:/Users/polca/Desktop/MarcoPolo/Assets/Scripts/Networking/NetworkSessionManager.cs:281)
FrentePartido.Networking.NetworkSessionManager:HandleClientDisconnected (ulong) (at C:/Users/polca/Desktop/MarcoPolo/Assets/Scripts/Networking/NetworkSessionManager.cs:337)
Unity.Netcode.NetworkConnectionManager:InvokeOnClientDisconnectCallback (ulong) (at ./Library/PackageCache/com.unity.netcode.gameobjects@1.11.0/Runtime/Connection/NetworkConnectionManager.cs:140)
Unity.Netcode.NetworkConnectionManager:DisconnectEventHandler (ulong) (at ./Library/PackageCache/com.unity.netcode.gameobjects@1.11.0/Runtime/Connection/NetworkConnectionManager.cs:512)
Unity.Netcode.NetworkConnectionManager:HandleNetworkEvent (Unity.Netcode.NetworkEvent,ulong,System.ArraySegment`1<byte>,single) (at ./Library/PackageCache/com.unity.netcode.gameobjects@1.11.0/Runtime/Connection/NetworkConnectionManager.cs:396)
Unity.Netcode.NetworkTransport:InvokeOnTransportEvent (Unity.Netcode.NetworkEvent,ulong,System.ArraySegment`1<byte>,single) (at ./Library/PackageCache/com.unity.netcode.gameobjects@1.11.0/Runtime/Transports/NetworkTransport.cs:49)
Unity.Netcode.Transports.UTP.UnityTransport:DisconnectLocalClient () (at ./Library/PackageCache/com.unity.netcode.gameobjects@1.11.0/Runtime/Transports/UTP/UnityTransport.cs:1155)
Unity.Netcode.NetworkConnectionManager:Shutdown () (at ./Library/PackageCache/com.unity.netcode.gameobjects@1.11.0/Runtime/Connection/NetworkConnectionManager.cs:1169)
Unity.Netcode.NetworkManager:ShutdownInternal () (at ./Library/PackageCache/com.unity.netcode.gameobjects@1.11.0/Runtime/Core/NetworkManager.cs:1199)
Unity.Netcode.NetworkManager:OnDestroy () (at ./Library/PackageCache/com.unity.netcode.gameobjects@1.11.0/Runtime/Core/NetworkManager.cs:1273)
Unity.Netcode.NetworkManager:OnApplicationQuit () (at ./Library/PackageCache/com.unity.netcode.gameobjects@1.11.0/Runtime/Core/NetworkManager.cs:1267)

(Filename: C:/Users/polca/Desktop/MarcoPolo/Assets/Scripts/Networking/NetworkSessionManager.cs Line: 281)

[Lobby] Not in a lobby. Nothing to leave.
UnityEngine.StackTraceUtility:ExtractStackTrace () (at C:/build/output/unity/unity/Runtime/Export/Scripting/StackTrace.cs:37)
UnityEngine.DebugLogHandler:LogFormat (UnityEngine.LogType,UnityEngine.Object,string,object[])
UnityEngine.Logger:Log (UnityEngine.LogType,object)
UnityEngine.Debug:LogWarning (object)
FrentePartido.Networking.LobbyManager/<LeaveLobby>d__15:MoveNext () (at C:/Users/polca/Desktop/MarcoPolo/Assets/Scripts/Networking/LobbyManager.cs:124)
System.Runtime.CompilerServices.AsyncTaskMethodBuilder:Start<FrentePartido.Networking.LobbyManager/<LeaveLobby>d__15> (FrentePartido.Networking.LobbyManager/<LeaveLobby>d__15&)
FrentePartido.Networking.LobbyManager:LeaveLobby ()
FrentePartido.Networking.NetworkSessionManager:LeaveSession () (at C:/Users/polca/Desktop/MarcoPolo/Assets/Scripts/Networking/NetworkSessionManager.cs:291)
FrentePartido.Networking.NetworkSessionManager:HandleClientDisconnected (ulong) (at C:/Users/polca/Desktop/MarcoPolo/Assets/Scripts/Networking/NetworkSessionManager.cs:337)
Unity.Netcode.NetworkConnectionManager:InvokeOnClientDisconnectCallback (ulong) (at ./Library/PackageCache/com.unity.netcode.gameobjects@1.11.0/Runtime/Connection/NetworkConnectionManager.cs:140)
Unity.Netcode.NetworkConnectionManager:DisconnectEventHandler (ulong) (at ./Library/PackageCache/com.unity.netcode.gameobjects@1.11.0/Runtime/Connection/NetworkConnectionManager.cs:512)
Unity.Netcode.NetworkConnectionManager:HandleNetworkEvent (Unity.Netcode.NetworkEvent,ulong,System.ArraySegment`1<byte>,single) (at ./Library/PackageCache/com.unity.netcode.gameobjects@1.11.0/Runtime/Connection/NetworkConnectionManager.cs:396)
Unity.Netcode.NetworkTransport:InvokeOnTransportEvent (Unity.Netcode.NetworkEvent,ulong,System.ArraySegment`1<byte>,single) (at ./Library/PackageCache/com.unity.netcode.gameobjects@1.11.0/Runtime/Transports/NetworkTransport.cs:49)
Unity.Netcode.Transports.UTP.UnityTransport:DisconnectLocalClient () (at ./Library/PackageCache/com.unity.netcode.gameobjects@1.11.0/Runtime/Transports/UTP/UnityTransport.cs:1155)
Unity.Netcode.NetworkConnectionManager:Shutdown () (at ./Library/PackageCache/com.unity.netcode.gameobjects@1.11.0/Runtime/Connection/NetworkConnectionManager.cs:1169)
Unity.Netcode.NetworkManager:ShutdownInternal () (at ./Library/PackageCache/com.unity.netcode.gameobjects@1.11.0/Runtime/Core/NetworkManager.cs:1199)
Unity.Netcode.NetworkManager:OnDestroy () (at ./Library/PackageCache/com.unity.netcode.gameobjects@1.11.0/Runtime/Core/NetworkManager.cs:1273)
Unity.Netcode.NetworkManager:OnApplicationQuit () (at ./Library/PackageCache/com.unity.netcode.gameobjects@1.11.0/Runtime/Core/NetworkManager.cs:1267)

(Filename: C:/Users/polca/Desktop/MarcoPolo/Assets/Scripts/Networking/LobbyManager.cs Line: 124)

[PhysX] Initialized MultithreadedTaskDispatcher with 16 workers.
UnloadTime: 11.629900 ms
Input System module state changed to: ShutdownInProgress.
Input System polling thread exited.
Input System module state changed to: Shutdown.
Leak Detected : Persistent allocates 257 individual allocations. To find out more, run with the command line argument '-native-leak-detection EnabledWithStackTrace' and reproduce the leak again.
PlayerConnection::CleanupMemory Statistics:
[ALLOC_TEMP_TLS] TLS Allocator
  StackAllocators : 
    [ALLOC_TEMP_MAIN]
      Peak usage frame count: [4.0 KB-8.0 KB]: 506 frames, [8.0 KB-16.0 KB]: 1 frames, [16.0 KB-32.0 KB]: 672 frames, [256.0 KB-0.5 MB]: 1 frames, [2.0 MB-4.0 MB]: 1 frames
      Initial Block Size 4.0 MB
      Current Block Size 4.0 MB
      Peak Allocated Bytes 2.8 MB
      Overflow Count 0
    [ALLOC_TEMP_Background Job.Worker 8]
      Initial Block Size 32.0 KB
      Current Block Size 32.0 KB
      Peak Allocated Bytes 54 B
      Overflow Count 0
    [ALLOC_TEMP_Job.Worker 4]
      Initial Block Size 256.0 KB
      Current Block Size 256.0 KB
      Peak Allocated Bytes 10.7 KB
      Overflow Count 0
    [ALLOC_TEMP_AUDIO_FMOD mixer thread]
      Initial Block Size 64.0 KB
      Current Block Size 64.0 KB
      Peak Allocated Bytes 54 B
      Overflow Count 0
    [ALLOC_TEMP_Background Job.Worker 11]
      Initial Block Size 32.0 KB
      Current Block Size 32.0 KB
      Peak Allocated Bytes 54 B
      Overflow Count 0
    [ALLOC_TEMP_Background Job.Worker 3]
      Initial Block Size 32.0 KB
      Current Block Size 32.0 KB
      Peak Allocated Bytes 54 B
      Overflow Count 0
    [ALLOC_TEMP_BatchDeleteObjects]
      Initial Block Size 64.0 KB
      Current Block Size 64.0 KB
      Peak Allocated Bytes 54 B
      Overflow Count 0
    [ALLOC_TEMP_Job.Worker 13]
      Initial Block Size 256.0 KB
      Current Block Size 256.0 KB
      Peak Allocated Bytes 10.7 KB
      Overflow Count 0
    [ALLOC_TEMP_Background Job.Worker 2]
      Initial Block Size 32.0 KB
      Current Block Size 32.0 KB
      Peak Allocated Bytes 1.5 KB
      Overflow Count 0
    [ALLOC_TEMP_Job.Worker 10]
      Initial Block Size 256.0 KB
      Current Block Size 256.0 KB
      Peak Allocated Bytes 10.7 KB
      Overflow Count 0
    [ALLOC_TEMP_Job.Worker 12]
      Initial Block Size 256.0 KB
      Current Block Size 256.0 KB
      Peak Allocated Bytes 10.7 KB
      Overflow Count 0
    [ALLOC_TEMP_Loading.PreloadManager]
      Initial Block Size 256.0 KB
      Current Block Size 256.0 KB
      Peak Allocated Bytes 187.1 KB
      Overflow Count 8
    [ALLOC_TEMP_Profiler.Dispatcher]
      Initial Block Size 64.0 KB
      Current Block Size 64.0 KB
      Peak Allocated Bytes 456 B
      Overflow Count 0
    [ALLOC_TEMP_Job.Worker 14]
      Initial Block Size 256.0 KB
      Current Block Size 256.0 KB
      Peak Allocated Bytes 10.7 KB
      Overflow Count 0
    [ALLOC_TEMP_Job.Worker 3]
      Initial Block Size 256.0 KB
      Current Block Size 256.0 KB
      Peak Allocated Bytes 10.7 KB
      Overflow Count 0
    [ALLOC_TEMP_Background Job.Worker 5]
      Initial Block Size 32.0 KB
      Current Block Size 32.0 KB
      Peak Allocated Bytes 54 B
      Overflow Count 0
    [ALLOC_TEMP_Background Job.Worker 13]
      Initial Block Size 32.0 KB
      Current Block Size 32.0 KB
      Peak Allocated Bytes 54 B
      Overflow Count 0
    [ALLOC_TEMP_Job.Worker 2]
      Initial Block Size 256.0 KB
      Current Block Size 256.0 KB
      Peak Allocated Bytes 11.4 KB
      Overflow Count 0
    [ALLOC_TEMP_HIDInput]
      Initial Block Size 64.0 KB
      Current Block Size 64.0 KB
      Peak Allocated Bytes 11.8 KB
      Overflow Count 0
    [ALLOC_TEMP_Job.Worker 11]
      Initial Block Size 256.0 KB
      Current Block Size 256.0 KB
      Peak Allocated Bytes 10.7 KB
      Overflow Count 0
    [ALLOC_TEMP_Job.Worker 0]
      Initial Block Size 256.0 KB
      Current Block Size 256.0 KB
      Peak Allocated Bytes 10.7 KB
      Overflow Count 0
    [ALLOC_TEMP_Job.Worker 5]
      Initial Block Size 256.0 KB
      Current Block Size 256.0 KB
      Peak Allocated Bytes 10.7 KB
      Overflow Count 0
    [ALLOC_TEMP_Job.Worker 6]
      Initial Block Size 256.0 KB
      Current Block Size 256.0 KB
      Peak Allocated Bytes 10.7 KB
      Overflow Count 0
    [ALLOC_TEMP_EnlightenWorker] x 8
      Initial Block Size 64.0 KB
      Current Block Size 64.0 KB
      Peak Allocated Bytes 54 B
      Overflow Count 0
    [ALLOC_TEMP_Job.Worker 9]
      Initial Block Size 256.0 KB
      Current Block Size 256.0 KB
      Peak Allocated Bytes 10.7 KB
      Overflow Count 0
    [ALLOC_TEMP_Background Job.Worker 9]
      Initial Block Size 32.0 KB
      Current Block Size 32.0 KB
      Peak Allocated Bytes 54 B
      Overflow Count 0
    [ALLOC_TEMP_Loading.AsyncRead]
      Initial Block Size 64.0 KB
      Current Block Size 64.0 KB
      Peak Allocated Bytes 336 B
      Overflow Count 0
    [ALLOC_TEMP_Background Job.Worker 10]
      Initial Block Size 32.0 KB
      Current Block Size 32.0 KB
      Peak Allocated Bytes 54 B
      Overflow Count 0
    [ALLOC_TEMP_Background Job.Worker 6]
      Initial Block Size 32.0 KB
      Current Block Size 32.0 KB
      Peak Allocated Bytes 54 B
      Overflow Count 0
    [ALLOC_TEMP_AUDIO_FMOD (WASAPI) feeder thread]
      Initial Block Size 64.0 KB
      Current Block Size 64.0 KB
      Peak Allocated Bytes 168 B
      Overflow Count 0
    [ALLOC_TEMP_Background Job.Worker 1]
      Initial Block Size 32.0 KB
      Current Block Size 32.0 KB
      Peak Allocated Bytes 54 B
      Overflow Count 0
    [ALLOC_TEMP_AUDIO_FMOD stream thread]
      Initial Block Size 64.0 KB
      Current Block Size 64.0 KB
      Peak Allocated Bytes 54 B
      Overflow Count 0
    [ALLOC_TEMP_Background Job.Worker 15]
      Initial Block Size 32.0 KB
      Current Block Size 32.0 KB
      Peak Allocated Bytes 54 B
      Overflow Count 0
    [ALLOC_TEMP_Background Job.Worker 7]
      Initial Block Size 32.0 KB
      Current Block Size 32.0 KB
      Peak Allocated Bytes 54 B
      Overflow Count 0
    [ALLOC_TEMP_Job.Worker 8]
      Initial Block Size 256.0 KB
      Current Block Size 256.0 KB
      Peak Allocated Bytes 10.7 KB
      Overflow Count 0
    [ALLOC_TEMP_Job.Worker 1]
      Initial Block Size 256.0 KB
      Current Block Size 256.0 KB
      Peak Allocated Bytes 10.7 KB
      Overflow Count 0
    [ALLOC_TEMP_Background Job.Worker 12]
      Initial Block Size 32.0 KB
      Current Block Size 32.0 KB
      Peak Allocated Bytes 54 B
      Overflow Count 0
    [ALLOC_TEMP_AssetGarbageCollectorHelper] x 15
      Initial Block Size 64.0 KB
      Current Block Size 64.0 KB
      Peak Allocated Bytes 138 B
      Overflow Count 0
    [ALLOC_TEMP_Background Job.Worker 0]
      Initial Block Size 32.0 KB
      Current Block Size 32.0 KB
      Peak Allocated Bytes 54 B
      Overflow Count 0
    [ALLOC_TEMP_Background Job.Worker 4]
      Initial Block Size 32.0 KB
      Current Block Size 32.0 KB
      Peak Allocated Bytes 1.6 KB
      Overflow Count 0
    [ALLOC_TEMP_Background Job.Worker 14]
      Initial Block Size 32.0 KB
      Current Block Size 32.0 KB
      Peak Allocated Bytes 54 B
      Overflow Count 0
    [ALLOC_TEMP_UnityGfxDeviceWorker]
      Initial Block Size 256.0 KB
      Current Block Size 256.0 KB
      Peak Allocated Bytes 176.2 KB
      Overflow Count 0
    [ALLOC_TEMP_Job.Worker 7]
      Initial Block Size 256.0 KB
      Current Block Size 256.0 KB
      Peak Allocated Bytes 10.7 KB
      Overflow Count 0
    [ALLOC_TEMP_CloudJob.Worker 0]
      Initial Block Size 32.0 KB
      Current Block Size 32.0 KB
      Peak Allocated Bytes 3.4 KB
      Overflow Count 0
[ALLOC_MEMORYPROFILER]
  Peak usage frame count: [64.0 KB-128.0 KB]: 1181 frames
  Requested Block Size 1.0 MB
  Peak Block count 1
  Peak Allocated memory 153.9 KB
  Peak Large allocation bytes 0 B
[ALLOC_DEFAULT] Dual Thread Allocator
  Peak main deferred allocation count 160
    [ALLOC_BUCKET]
      Large Block size 4.0 MB
      Used Block count 1
      Peak Allocated bytes 1.1 MB
    [ALLOC_DEFAULT_MAIN]
      Peak usage frame count: [16.0 MB-32.0 MB]: 1 frames, [32.0 MB-64.0 MB]: 1180 frames
      Requested Block Size 16.0 MB
      Peak Block count 3
      Peak Allocated memory 40.6 MB
      Peak Large allocation bytes 8.0 MB
    [ALLOC_DEFAULT_THREAD]
      Peak usage frame count: [16.0 MB-32.0 MB]: 1181 frames
      Requested Block Size 16.0 MB
      Peak Block count 1
      Peak Allocated memory 24.1 MB
      Peak Large allocation bytes 16.0 MB
[ALLOC_TEMP_JOB_1_FRAME]
  Initial Block Size 2.0 MB
  Used Block Count 0
  Overflow Count (too large) 0
  Overflow Count (full) 0
[ALLOC_TEMP_JOB_2_FRAMES]
  Initial Block Size 2.0 MB
  Used Block Count 0
  Overflow Count (too large) 0
  Overflow Count (full) 0
[ALLOC_TEMP_JOB_4_FRAMES (JobTemp)]
  Initial Block Size 2.0 MB
  Used Block Count 1
  Overflow Count (too large) 0
  Overflow Count (full) 0
[ALLOC_TEMP_JOB_ASYNC (Background)]
  Initial Block Size 1.0 MB
  Used Block Count 1
  Overflow Count (too large) 0
  Overflow Count (full) 0
[ALLOC_GFX] Dual Thread Allocator
  Peak main deferred allocation count 1
    [ALLOC_BUCKET]
      Large Block size 4.0 MB
      Used Block count 1
      Peak Allocated bytes 1.1 MB
    [ALLOC_GFX_MAIN]
      Peak usage frame count: [0.5 MB-1.0 MB]: 1181 frames
      Requested Block Size 16.0 MB
      Peak Block count 1
      Peak Allocated memory 0.9 MB
      Peak Large allocation bytes 0 B
    [ALLOC_GFX_THREAD]
      Peak usage frame count: [0.5 MB-1.0 MB]: 1181 frames
      Requested Block Size 16.0 MB
      Peak Block count 1
      Peak Allocated memory 0.8 MB
      Peak Large allocation bytes 0 B
[ALLOC_CACHEOBJECTS] Dual Thread Allocator
  Peak main deferred allocation count 2
    [ALLOC_BUCKET]
      Large Block size 4.0 MB
      Used Block count 1
      Peak Allocated bytes 1.1 MB
    [ALLOC_CACHEOBJECTS_MAIN]
      Peak usage frame count: [1.0 MB-2.0 MB]: 1181 frames
      Requested Block Size 4.0 MB
      Peak Block count 1
      Peak Allocated memory 1.6 MB
      Peak Large allocation bytes 0 B
    [ALLOC_CACHEOBJECTS_THREAD]
      Peak usage frame count: [2.0 MB-4.0 MB]: 1180 frames, [4.0 MB-8.0 MB]: 1 frames
      Requested Block Size 4.0 MB
      Peak Block count 2
      Peak Allocated memory 4.8 MB
      Peak Large allocation bytes 0 B
[ALLOC_TYPETREE] Dual Thread Allocator
  Peak main deferred allocation count 0
    [ALLOC_BUCKET]
      Large Block size 4.0 MB
      Used Block count 1
      Peak Allocated bytes 1.1 MB
    [ALLOC_TYPETREE_MAIN]
      Peak usage frame count: [8.0 KB-16.0 KB]: 1181 frames
      Requested Block Size 2.0 MB
      Peak Block count 1
      Peak Allocated memory 10.1 KB
      Peak Large allocation bytes 0 B
    [ALLOC_TYPETREE_THREAD]
      Peak usage frame count: [8.0 KB-16.0 KB]: 1181 frames
      Requested Block Size 2.0 MB
      Peak Block count 1
      Peak Allocated memory 12.1 KB
      Peak Large allocation bytes 0 B
[ALLOC_PROFILER]
  Peak usage frame count: [256.0 KB-0.5 MB]: 1180 frames, [32.0 MB-64.0 MB]: 1 frames
  Requested Block Size 16.0 MB
  Peak Block count 3
  Peak Allocated memory 33.3 MB
  Peak Large allocation bytes 0 B
    [ALLOC_PROFILER_BUCKET]
      Large Block size 4.0 MB
      Used Block count 1
      Peak Allocated bytes 66.0 KB
##utp:{"type":"MemoryLeaks","version":2,"phase":"Immediate","time":1777932403466,"processId":34148,"allocatedMemory":5421144,"memoryLabels":[{"Default":-128},{"NewDelete":400},{"Thread":576},{"Manager":548677},{"GfxDevice":72},{"GfxThread":2816},{"Physics2D":625408},{"Serialization":508},{"JobScheduler":37640},{"String":177},{"HashMap":3840},{"PoolAlloc":280},{"WebRequest":4094},{"VR":1784},{"NativeArray":4194776},{"Subsystems":96},{"CoreBusinessMetrics":128}]}
